{"/Users/rbnkv/Projects/HA_SQUID_PROXY/squid_proxy_manager/frontend/src/api/client.ts": {"path":"/Users/rbnkv/Projects/HA_SQUID_PROXY/squid_proxy_manager/frontend/src/api/client.ts","statementMap":{"0":{"start":{"line":21,"column":21},"end":{"line":21,"column":null}},"1":{"start":{"line":22,"column":2},"end":{"line":24,"column":null}},"2":{"start":{"line":23,"column":4},"end":{"line":23,"column":null}},"3":{"start":{"line":25,"column":2},"end":{"line":27,"column":null}},"4":{"start":{"line":26,"column":4},"end":{"line":26,"column":null}},"5":{"start":{"line":28,"column":2},"end":{"line":28,"column":null}},"6":{"start":{"line":32,"column":2},"end":{"line":34,"column":null}},"7":{"start":{"line":33,"column":4},"end":{"line":33,"column":null}},"8":{"start":{"line":36,"column":26},"end":{"line":36,"column":null}},"9":{"start":{"line":37,"column":2},"end":{"line":43,"column":null}},"10":{"start":{"line":38,"column":22},"end":{"line":38,"column":null}},"11":{"start":{"line":39,"column":4},"end":{"line":41,"column":null}},"12":{"start":{"line":40,"column":6},"end":{"line":40,"column":null}},"13":{"start":{"line":42,"column":4},"end":{"line":42,"column":null}},"14":{"start":{"line":45,"column":2},"end":{"line":47,"column":null}},"15":{"start":{"line":46,"column":4},"end":{"line":46,"column":null}},"16":{"start":{"line":49,"column":20},"end":{"line":49,"column":null}},"17":{"start":{"line":50,"column":8},"end":{"line":50,"column":null}},"18":{"start":{"line":52,"column":2},"end":{"line":54,"column":null}},"19":{"start":{"line":53,"column":4},"end":{"line":53,"column":null}},"20":{"start":{"line":56,"column":2},"end":{"line":56,"column":null}},"21":{"start":{"line":60,"column":14},"end":{"line":60,"column":null}},"22":{"start":{"line":61,"column":18},"end":{"line":61,"column":null}},"23":{"start":{"line":62,"column":2},"end":{"line":62,"column":null}},"24":{"start":{"line":69,"column":20},"end":{"line":69,"column":null}},"25":{"start":{"line":70,"column":2},"end":{"line":72,"column":null}},"26":{"start":{"line":71,"column":4},"end":{"line":71,"column":null}},"27":{"start":{"line":75,"column":16},"end":{"line":75,"column":null}},"28":{"start":{"line":76,"column":2},"end":{"line":78,"column":null}},"29":{"start":{"line":77,"column":4},"end":{"line":77,"column":null}},"30":{"start":{"line":80,"column":2},"end":{"line":80,"column":null}},"31":{"start":{"line":84,"column":19},"end":{"line":84,"column":null}},"32":{"start":{"line":85,"column":2},"end":{"line":102,"column":null}},"33":{"start":{"line":86,"column":18},"end":{"line":86,"column":null}},"34":{"start":{"line":87,"column":4},"end":{"line":100,"column":null}},"35":{"start":{"line":88,"column":24},"end":{"line":88,"column":null}},"36":{"start":{"line":91,"column":6},"end":{"line":91,"column":null}},"37":{"start":{"line":94,"column":6},"end":{"line":99,"column":null}},"38":{"start":{"line":95,"column":21},"end":{"line":95,"column":null}},"39":{"start":{"line":96,"column":8},"end":{"line":96,"column":null}},"40":{"start":{"line":96,"column":18},"end":{"line":96,"column":null}},"41":{"start":{"line":101,"column":4},"end":{"line":101,"column":null}},"42":{"start":{"line":103,"column":2},"end":{"line":103,"column":null}}},"fnMap":{"0":{"name":"getToken","decl":{"start":{"line":20,"column":9},"end":{"line":20,"column":28}},"loc":{"start":{"line":20,"column":28},"end":{"line":29,"column":null}},"line":20},"1":{"name":"resolvePath","decl":{"start":{"line":31,"column":9},"end":{"line":31,"column":21}},"loc":{"start":{"line":31,"column":43},"end":{"line":57,"column":null}},"line":31},"2":{"name":"apiFetch","decl":{"start":{"line":59,"column":22},"end":{"line":59,"column":31}},"loc":{"start":{"line":59,"column":91},"end":{"line":81,"column":null}},"line":59},"3":{"name":"requestJson","decl":{"start":{"line":83,"column":22},"end":{"line":83,"column":37}},"loc":{"start":{"line":83,"column":90},"end":{"line":104,"column":null}},"line":83}},"branchMap":{"0":{"loc":{"start":{"line":22,"column":2},"end":{"line":24,"column":null}},"type":"if","locations":[{"start":{"line":22,"column":2},"end":{"line":24,"column":null}},{"start":{},"end":{}}],"line":22},"1":{"loc":{"start":{"line":25,"column":2},"end":{"line":27,"column":null}},"type":"if","locations":[{"start":{"line":25,"column":2},"end":{"line":27,"column":null}},{"start":{},"end":{}}],"line":25},"2":{"loc":{"start":{"line":25,"column":6},"end":{"line":25,"column":92}},"type":"binary-expr","locations":[{"start":{"line":25,"column":6},"end":{"line":25,"column":47}},{"start":{"line":25,"column":47},"end":{"line":25,"column":92}}],"line":25},"3":{"loc":{"start":{"line":32,"column":2},"end":{"line":34,"column":null}},"type":"if","locations":[{"start":{"line":32,"column":2},"end":{"line":34,"column":null}},{"start":{},"end":{}}],"line":32},"4":{"loc":{"start":{"line":37,"column":2},"end":{"line":43,"column":null}},"type":"if","locations":[{"start":{"line":37,"column":2},"end":{"line":43,"column":null}},{"start":{},"end":{}}],"line":37},"5":{"loc":{"start":{"line":39,"column":4},"end":{"line":41,"column":null}},"type":"if","locations":[{"start":{"line":39,"column":4},"end":{"line":41,"column":null}},{"start":{},"end":{}}],"line":39},"6":{"loc":{"start":{"line":45,"column":2},"end":{"line":47,"column":null}},"type":"if","locations":[{"start":{"line":45,"column":2},"end":{"line":47,"column":null}},{"start":{},"end":{}}],"line":45},"7":{"loc":{"start":{"line":45,"column":6},"end":{"line":45,"column":35}},"type":"binary-expr","locations":[{"start":{"line":45,"column":6},"end":{"line":45,"column":21}},{"start":{"line":45,"column":21},"end":{"line":45,"column":35}}],"line":45},"8":{"loc":{"start":{"line":52,"column":2},"end":{"line":54,"column":null}},"type":"if","locations":[{"start":{"line":52,"column":2},"end":{"line":54,"column":null}},{"start":{},"end":{}}],"line":52},"9":{"loc":{"start":{"line":59,"column":45},"end":{"line":59,"column":91}},"type":"default-arg","locations":[{"start":{"line":59,"column":68},"end":{"line":59,"column":91}}],"line":59},"10":{"loc":{"start":{"line":61,"column":30},"end":{"line":61,"column":51}},"type":"binary-expr","locations":[{"start":{"line":61,"column":30},"end":{"line":61,"column":49}},{"start":{"line":61,"column":49},"end":{"line":61,"column":51}}],"line":61},"11":{"loc":{"start":{"line":70,"column":2},"end":{"line":72,"column":null}},"type":"if","locations":[{"start":{"line":70,"column":2},"end":{"line":72,"column":null}},{"start":{},"end":{}}],"line":70},"12":{"loc":{"start":{"line":70,"column":6},"end":{"line":70,"column":44}},"type":"binary-expr","locations":[{"start":{"line":70,"column":6},"end":{"line":70,"column":19}},{"start":{"line":70,"column":19},"end":{"line":70,"column":44}}],"line":70},"13":{"loc":{"start":{"line":76,"column":2},"end":{"line":78,"column":null}},"type":"if","locations":[{"start":{"line":76,"column":2},"end":{"line":78,"column":null}},{"start":{},"end":{}}],"line":76},"14":{"loc":{"start":{"line":83,"column":51},"end":{"line":83,"column":90}},"type":"default-arg","locations":[{"start":{"line":83,"column":74},"end":{"line":83,"column":90}}],"line":83},"15":{"loc":{"start":{"line":85,"column":2},"end":{"line":102,"column":null}},"type":"if","locations":[{"start":{"line":85,"column":2},"end":{"line":102,"column":null}},{"start":{},"end":{}}],"line":85},"16":{"loc":{"start":{"line":91,"column":16},"end":{"line":91,"column":null}},"type":"binary-expr","locations":[{"start":{"line":91,"column":16},"end":{"line":91,"column":35}},{"start":{"line":91,"column":35},"end":{"line":91,"column":56}},{"start":{"line":91,"column":56},"end":{"line":91,"column":76}},{"start":{"line":91,"column":76},"end":{"line":91,"column":null}}],"line":91},"17":{"loc":{"start":{"line":96,"column":8},"end":{"line":96,"column":null}},"type":"if","locations":[{"start":{"line":96,"column":8},"end":{"line":96,"column":null}},{"start":{},"end":{}}],"line":96}},"s":{"0":10,"1":10,"2":10,"3":0,"4":0,"5":0,"6":10,"7":0,"8":10,"9":10,"10":0,"11":0,"12":0,"13":0,"14":10,"15":1,"16":9,"17":9,"18":9,"19":9,"20":0,"21":10,"22":10,"23":10,"24":10,"25":10,"26":0,"27":10,"28":10,"29":0,"30":10,"31":9,"32":9,"33":8,"34":8,"35":8,"36":6,"37":2,"38":2,"39":0,"40":0,"41":8,"42":1},"f":{"0":10,"1":10,"2":10,"3":9},"b":{"0":[10,0],"1":[0,0],"2":[0,0],"3":[0,10],"4":[0,10],"5":[0,0],"6":[1,9],"7":[10,10],"8":[9,0],"9":[10],"10":[10,10],"11":[0,10],"12":[10,0],"13":[0,10],"14":[9],"15":[8,1],"16":[6,4,3,2],"17":[0,0]},"meta":{"lastBranch":18,"lastFunction":4,"lastStatement":43,"seen":{"f:20:9:20:28":0,"s:21:21:21:Infinity":0,"b:22:2:24:Infinity:undefined:undefined:undefined:undefined":0,"s:22:2:24:Infinity":1,"s:23:4:23:Infinity":2,"b:25:2:27:Infinity:undefined:undefined:undefined:undefined":1,"s:25:2:27:Infinity":3,"b:25:6:25:47:25:47:25:92":2,"s:26:4:26:Infinity":4,"s:28:2:28:Infinity":5,"f:31:9:31:21":1,"b:32:2:34:Infinity:undefined:undefined:undefined:undefined":3,"s:32:2:34:Infinity":6,"s:33:4:33:Infinity":7,"s:36:26:36:Infinity":8,"b:37:2:43:Infinity:undefined:undefined:undefined:undefined":4,"s:37:2:43:Infinity":9,"s:38:22:38:Infinity":10,"b:39:4:41:Infinity:undefined:undefined:undefined:undefined":5,"s:39:4:41:Infinity":11,"s:40:6:40:Infinity":12,"s:42:4:42:Infinity":13,"b:45:2:47:Infinity:undefined:undefined:undefined:undefined":6,"s:45:2:47:Infinity":14,"b:45:6:45:21:45:21:45:35":7,"s:46:4:46:Infinity":15,"s:49:20:49:Infinity":16,"s:50:8:50:Infinity":17,"b:52:2:54:Infinity:undefined:undefined:undefined:undefined":8,"s:52:2:54:Infinity":18,"s:53:4:53:Infinity":19,"s:56:2:56:Infinity":20,"f:59:22:59:31":2,"b:59:68:59:91":9,"s:60:14:60:Infinity":21,"s:61:18:61:Infinity":22,"b:61:30:61:49:61:49:61:51":10,"s:62:2:62:Infinity":23,"s:69:20:69:Infinity":24,"b:70:2:72:Infinity:undefined:undefined:undefined:undefined":11,"s:70:2:72:Infinity":25,"b:70:6:70:19:70:19:70:44":12,"s:71:4:71:Infinity":26,"s:75:16:75:Infinity":27,"b:76:2:78:Infinity:undefined:undefined:undefined:undefined":13,"s:76:2:78:Infinity":28,"s:77:4:77:Infinity":29,"s:80:2:80:Infinity":30,"f:83:22:83:37":3,"b:83:74:83:90":14,"s:84:19:84:Infinity":31,"b:85:2:102:Infinity:undefined:undefined:undefined:undefined":15,"s:85:2:102:Infinity":32,"s:86:18:86:Infinity":33,"s:87:4:100:Infinity":34,"s:88:24:88:Infinity":35,"s:91:6:91:Infinity":36,"b:91:16:91:35:91:35:91:56:91:56:91:76:91:76:91:Infinity":16,"s:94:6:99:Infinity":37,"s:95:21:95:Infinity":38,"b:96:8:96:Infinity:undefined:undefined:undefined:undefined":17,"s:96:8:96:Infinity":39,"s:96:18:96:Infinity":40,"s:101:4:101:Infinity":41,"s:103:2:103:Infinity":42}}}
,"/Users/rbnkv/Projects/HA_SQUID_PROXY/squid_proxy_manager/frontend/src/api/mockData.ts": {"path":"/Users/rbnkv/Projects/HA_SQUID_PROXY/squid_proxy_manager/frontend/src/api/mockData.ts","statementMap":{"0":{"start":{"line":8,"column":47},"end":{"line":46,"column":null}},"1":{"start":{"line":48,"column":52},"end":{"line":52,"column":null}},"2":{"start":{"line":54,"column":25},"end":{"line":67,"column":null}},"3":{"start":{"line":69,"column":70},"end":{"line":87,"column":null}},"4":{"start":{"line":93,"column":39},"end":{"line":93,"column":null}},"5":{"start":{"line":94,"column":18},"end":{"line":94,"column":null}},"6":{"start":{"line":97,"column":4},"end":{"line":97,"column":null}},"7":{"start":{"line":97,"column":36},"end":{"line":97,"column":67}},"8":{"start":{"line":101,"column":4},"end":{"line":101,"column":null}},"9":{"start":{"line":102,"column":4},"end":{"line":105,"column":null}},"10":{"start":{"line":117,"column":4},"end":{"line":117,"column":null}},"11":{"start":{"line":118,"column":39},"end":{"line":128,"column":null}},"12":{"start":{"line":129,"column":4},"end":{"line":129,"column":null}},"13":{"start":{"line":130,"column":4},"end":{"line":130,"column":null}},"14":{"start":{"line":130,"column":56},"end":{"line":130,"column":66}},"15":{"start":{"line":131,"column":4},"end":{"line":131,"column":null}},"16":{"start":{"line":135,"column":4},"end":{"line":135,"column":null}},"17":{"start":{"line":136,"column":21},"end":{"line":136,"column":null}},"18":{"start":{"line":136,"column":48},"end":{"line":136,"column":63}},"19":{"start":{"line":137,"column":4},"end":{"line":140,"column":null}},"20":{"start":{"line":138,"column":6},"end":{"line":138,"column":null}},"21":{"start":{"line":139,"column":6},"end":{"line":139,"column":null}},"22":{"start":{"line":141,"column":4},"end":{"line":141,"column":null}},"23":{"start":{"line":145,"column":4},"end":{"line":145,"column":null}},"24":{"start":{"line":146,"column":21},"end":{"line":146,"column":null}},"25":{"start":{"line":146,"column":48},"end":{"line":146,"column":63}},"26":{"start":{"line":147,"column":4},"end":{"line":150,"column":null}},"27":{"start":{"line":148,"column":6},"end":{"line":148,"column":null}},"28":{"start":{"line":149,"column":6},"end":{"line":149,"column":null}},"29":{"start":{"line":151,"column":4},"end":{"line":151,"column":null}},"30":{"start":{"line":155,"column":4},"end":{"line":155,"column":null}},"31":{"start":{"line":156,"column":4},"end":{"line":156,"column":null}},"32":{"start":{"line":156,"column":50},"end":{"line":156,"column":65}},"33":{"start":{"line":157,"column":4},"end":{"line":157,"column":null}},"34":{"start":{"line":158,"column":4},"end":{"line":158,"column":null}},"35":{"start":{"line":165,"column":4},"end":{"line":165,"column":null}},"36":{"start":{"line":166,"column":21},"end":{"line":166,"column":null}},"37":{"start":{"line":166,"column":48},"end":{"line":166,"column":63}},"38":{"start":{"line":167,"column":4},"end":{"line":172,"column":null}},"39":{"start":{"line":168,"column":6},"end":{"line":168,"column":null}},"40":{"start":{"line":168,"column":38},"end":{"line":168,"column":null}},"41":{"start":{"line":169,"column":6},"end":{"line":169,"column":null}},"42":{"start":{"line":169,"column":47},"end":{"line":169,"column":null}},"43":{"start":{"line":170,"column":6},"end":{"line":170,"column":null}},"44":{"start":{"line":170,"column":49},"end":{"line":170,"column":null}},"45":{"start":{"line":171,"column":6},"end":{"line":171,"column":null}},"46":{"start":{"line":171,"column":46},"end":{"line":171,"column":null}},"47":{"start":{"line":173,"column":4},"end":{"line":173,"column":null}},"48":{"start":{"line":177,"column":4},"end":{"line":177,"column":null}},"49":{"start":{"line":178,"column":18},"end":{"line":178,"column":null}},"50":{"start":{"line":179,"column":4},"end":{"line":179,"column":null}},"51":{"start":{"line":179,"column":45},"end":{"line":179,"column":58}},"52":{"start":{"line":183,"column":4},"end":{"line":183,"column":null}},"53":{"start":{"line":184,"column":4},"end":{"line":186,"column":null}},"54":{"start":{"line":185,"column":6},"end":{"line":185,"column":null}},"55":{"start":{"line":187,"column":4},"end":{"line":193,"column":null}},"56":{"start":{"line":188,"column":6},"end":{"line":188,"column":null}},"57":{"start":{"line":189,"column":23},"end":{"line":189,"column":null}},"58":{"start":{"line":189,"column":50},"end":{"line":189,"column":65}},"59":{"start":{"line":190,"column":6},"end":{"line":192,"column":null}},"60":{"start":{"line":191,"column":8},"end":{"line":191,"column":null}},"61":{"start":{"line":194,"column":4},"end":{"line":194,"column":null}},"62":{"start":{"line":198,"column":4},"end":{"line":198,"column":null}},"63":{"start":{"line":199,"column":4},"end":{"line":205,"column":null}},"64":{"start":{"line":200,"column":6},"end":{"line":200,"column":null}},"65":{"start":{"line":200,"column":56},"end":{"line":200,"column":70}},"66":{"start":{"line":201,"column":23},"end":{"line":201,"column":null}},"67":{"start":{"line":201,"column":50},"end":{"line":201,"column":65}},"68":{"start":{"line":202,"column":6},"end":{"line":204,"column":null}},"69":{"start":{"line":203,"column":8},"end":{"line":203,"column":null}},"70":{"start":{"line":206,"column":4},"end":{"line":206,"column":null}},"71":{"start":{"line":210,"column":4},"end":{"line":210,"column":null}},"72":{"start":{"line":211,"column":4},"end":{"line":211,"column":null}},"73":{"start":{"line":215,"column":4},"end":{"line":215,"column":null}},"74":{"start":{"line":216,"column":4},"end":{"line":216,"column":null}},"75":{"start":{"line":220,"column":4},"end":{"line":220,"column":null}},"76":{"start":{"line":221,"column":4},"end":{"line":221,"column":null}},"77":{"start":{"line":225,"column":4},"end":{"line":225,"column":null}},"78":{"start":{"line":226,"column":4},"end":{"line":226,"column":null}},"79":{"start":{"line":230,"column":4},"end":{"line":230,"column":null}},"80":{"start":{"line":231,"column":4},"end":{"line":239,"column":null}},"81":{"start":{"line":232,"column":6},"end":{"line":238,"column":null}},"82":{"start":{"line":240,"column":4},"end":{"line":240,"column":null}},"83":{"start":{"line":244,"column":4},"end":{"line":244,"column":null}},"84":{"start":{"line":245,"column":21},"end":{"line":245,"column":null}},"85":{"start":{"line":245,"column":48},"end":{"line":245,"column":63}},"86":{"start":{"line":246,"column":4},"end":{"line":246,"column":null}},"87":{"start":{"line":246,"column":19},"end":{"line":246,"column":null}},"88":{"start":{"line":247,"column":4},"end":{"line":257,"column":null}},"89":{"start":{"line":248,"column":6},"end":{"line":248,"column":null}},"90":{"start":{"line":258,"column":4},"end":{"line":264,"column":null}},"91":{"start":{"line":268,"column":29},"end":{"line":268,"column":null}}},"fnMap":{"0":{"name":"(anonymous_0)","decl":{"start":{"line":96,"column":16},"end":{"line":96,"column":47}},"loc":{"start":{"line":96,"column":47},"end":{"line":98,"column":null}},"line":96},"1":{"name":"(anonymous_1)","decl":{"start":{"line":97,"column":23},"end":{"line":97,"column":24}},"loc":{"start":{"line":97,"column":36},"end":{"line":97,"column":67}},"line":97},"2":{"name":"(anonymous_2)","decl":{"start":{"line":100,"column":8},"end":{"line":100,"column":51}},"loc":{"start":{"line":100,"column":51},"end":{"line":106,"column":null}},"line":100},"3":{"name":"(anonymous_3)","decl":{"start":{"line":108,"column":8},"end":{"line":108,"column":23}},"loc":{"start":{"line":116,"column":34},"end":{"line":132,"column":null}},"line":116},"4":{"name":"(anonymous_4)","decl":{"start":{"line":130,"column":49},"end":{"line":130,"column":50}},"loc":{"start":{"line":130,"column":56},"end":{"line":130,"column":66}},"line":130},"5":{"name":"(anonymous_5)","decl":{"start":{"line":134,"column":8},"end":{"line":134,"column":22}},"loc":{"start":{"line":134,"column":65},"end":{"line":142,"column":null}},"line":134},"6":{"name":"(anonymous_6)","decl":{"start":{"line":136,"column":41},"end":{"line":136,"column":42}},"loc":{"start":{"line":136,"column":48},"end":{"line":136,"column":63}},"line":136},"7":{"name":"(anonymous_7)","decl":{"start":{"line":144,"column":8},"end":{"line":144,"column":21}},"loc":{"start":{"line":144,"column":64},"end":{"line":152,"column":null}},"line":144},"8":{"name":"(anonymous_8)","decl":{"start":{"line":146,"column":41},"end":{"line":146,"column":42}},"loc":{"start":{"line":146,"column":48},"end":{"line":146,"column":63}},"line":146},"9":{"name":"(anonymous_9)","decl":{"start":{"line":154,"column":8},"end":{"line":154,"column":23}},"loc":{"start":{"line":154,"column":66},"end":{"line":159,"column":null}},"line":154},"10":{"name":"(anonymous_10)","decl":{"start":{"line":156,"column":43},"end":{"line":156,"column":44}},"loc":{"start":{"line":156,"column":50},"end":{"line":156,"column":65}},"line":156},"11":{"name":"(anonymous_11)","decl":{"start":{"line":161,"column":8},"end":{"line":161,"column":null}},"loc":{"start":{"line":164,"column":33},"end":{"line":174,"column":null}},"line":164},"12":{"name":"(anonymous_12)","decl":{"start":{"line":166,"column":41},"end":{"line":166,"column":42}},"loc":{"start":{"line":166,"column":48},"end":{"line":166,"column":63}},"line":166},"13":{"name":"(anonymous_13)","decl":{"start":{"line":176,"column":8},"end":{"line":176,"column":17}},"loc":{"start":{"line":176,"column":54},"end":{"line":180,"column":null}},"line":176},"14":{"name":"(anonymous_14)","decl":{"start":{"line":179,"column":30},"end":{"line":179,"column":31}},"loc":{"start":{"line":179,"column":45},"end":{"line":179,"column":58}},"line":179},"15":{"name":"(anonymous_15)","decl":{"start":{"line":182,"column":8},"end":{"line":182,"column":16}},"loc":{"start":{"line":182,"column":77},"end":{"line":195,"column":null}},"line":182},"16":{"name":"(anonymous_16)","decl":{"start":{"line":189,"column":43},"end":{"line":189,"column":44}},"loc":{"start":{"line":189,"column":50},"end":{"line":189,"column":65}},"line":189},"17":{"name":"(anonymous_17)","decl":{"start":{"line":197,"column":8},"end":{"line":197,"column":19}},"loc":{"start":{"line":197,"column":80},"end":{"line":207,"column":null}},"line":197},"18":{"name":"(anonymous_18)","decl":{"start":{"line":200,"column":49},"end":{"line":200,"column":50}},"loc":{"start":{"line":200,"column":56},"end":{"line":200,"column":70}},"line":200},"19":{"name":"(anonymous_19)","decl":{"start":{"line":201,"column":43},"end":{"line":201,"column":44}},"loc":{"start":{"line":201,"column":50},"end":{"line":201,"column":65}},"line":201},"20":{"name":"(anonymous_20)","decl":{"start":{"line":209,"column":8},"end":{"line":209,"column":16}},"loc":{"start":{"line":209,"column":83},"end":{"line":212,"column":null}},"line":209},"21":{"name":"(anonymous_21)","decl":{"start":{"line":214,"column":8},"end":{"line":214,"column":49}},"loc":{"start":{"line":214,"column":49},"end":{"line":217,"column":null}},"line":214},"22":{"name":"(anonymous_22)","decl":{"start":{"line":219,"column":8},"end":{"line":219,"column":27}},"loc":{"start":{"line":219,"column":67},"end":{"line":222,"column":null}},"line":219},"23":{"name":"(anonymous_23)","decl":{"start":{"line":224,"column":8},"end":{"line":224,"column":74}},"loc":{"start":{"line":224,"column":74},"end":{"line":227,"column":null}},"line":224},"24":{"name":"(anonymous_24)","decl":{"start":{"line":229,"column":8},"end":{"line":229,"column":31}},"loc":{"start":{"line":229,"column":74},"end":{"line":241,"column":null}},"line":229},"25":{"name":"(anonymous_25)","decl":{"start":{"line":243,"column":8},"end":{"line":243,"column":23}},"loc":{"start":{"line":243,"column":54},"end":{"line":265,"column":null}},"line":243},"26":{"name":"(anonymous_26)","decl":{"start":{"line":245,"column":41},"end":{"line":245,"column":42}},"loc":{"start":{"line":245,"column":48},"end":{"line":245,"column":63}},"line":245}},"branchMap":{"0":{"loc":{"start":{"line":121,"column":18},"end":{"line":121,"column":null}},"type":"binary-expr","locations":[{"start":{"line":121,"column":18},"end":{"line":121,"column":40}},{"start":{"line":121,"column":40},"end":{"line":121,"column":null}}],"line":121},"1":{"loc":{"start":{"line":137,"column":4},"end":{"line":140,"column":null}},"type":"if","locations":[{"start":{"line":137,"column":4},"end":{"line":140,"column":null}},{"start":{},"end":{}}],"line":137},"2":{"loc":{"start":{"line":147,"column":4},"end":{"line":150,"column":null}},"type":"if","locations":[{"start":{"line":147,"column":4},"end":{"line":150,"column":null}},{"start":{},"end":{}}],"line":147},"3":{"loc":{"start":{"line":167,"column":4},"end":{"line":172,"column":null}},"type":"if","locations":[{"start":{"line":167,"column":4},"end":{"line":172,"column":null}},{"start":{},"end":{}}],"line":167},"4":{"loc":{"start":{"line":168,"column":6},"end":{"line":168,"column":null}},"type":"if","locations":[{"start":{"line":168,"column":6},"end":{"line":168,"column":null}},{"start":{},"end":{}}],"line":168},"5":{"loc":{"start":{"line":169,"column":6},"end":{"line":169,"column":null}},"type":"if","locations":[{"start":{"line":169,"column":6},"end":{"line":169,"column":null}},{"start":{},"end":{}}],"line":169},"6":{"loc":{"start":{"line":170,"column":6},"end":{"line":170,"column":null}},"type":"if","locations":[{"start":{"line":170,"column":6},"end":{"line":170,"column":null}},{"start":{},"end":{}}],"line":170},"7":{"loc":{"start":{"line":171,"column":6},"end":{"line":171,"column":null}},"type":"if","locations":[{"start":{"line":171,"column":6},"end":{"line":171,"column":null}},{"start":{},"end":{}}],"line":171},"8":{"loc":{"start":{"line":178,"column":18},"end":{"line":178,"column":null}},"type":"binary-expr","locations":[{"start":{"line":178,"column":18},"end":{"line":178,"column":38}},{"start":{"line":178,"column":38},"end":{"line":178,"column":null}}],"line":178},"9":{"loc":{"start":{"line":184,"column":4},"end":{"line":186,"column":null}},"type":"if","locations":[{"start":{"line":184,"column":4},"end":{"line":186,"column":null}},{"start":{},"end":{}}],"line":184},"10":{"loc":{"start":{"line":187,"column":4},"end":{"line":193,"column":null}},"type":"if","locations":[{"start":{"line":187,"column":4},"end":{"line":193,"column":null}},{"start":{},"end":{}}],"line":187},"11":{"loc":{"start":{"line":190,"column":6},"end":{"line":192,"column":null}},"type":"if","locations":[{"start":{"line":190,"column":6},"end":{"line":192,"column":null}},{"start":{},"end":{}}],"line":190},"12":{"loc":{"start":{"line":190,"column":10},"end":{"line":190,"column":57}},"type":"binary-expr","locations":[{"start":{"line":190,"column":10},"end":{"line":190,"column":22}},{"start":{"line":190,"column":22},"end":{"line":190,"column":57}}],"line":190},"13":{"loc":{"start":{"line":199,"column":4},"end":{"line":205,"column":null}},"type":"if","locations":[{"start":{"line":199,"column":4},"end":{"line":205,"column":null}},{"start":{},"end":{}}],"line":199},"14":{"loc":{"start":{"line":202,"column":6},"end":{"line":204,"column":null}},"type":"if","locations":[{"start":{"line":202,"column":6},"end":{"line":204,"column":null}},{"start":{},"end":{}}],"line":202},"15":{"loc":{"start":{"line":202,"column":10},"end":{"line":202,"column":57}},"type":"binary-expr","locations":[{"start":{"line":202,"column":10},"end":{"line":202,"column":22}},{"start":{"line":202,"column":22},"end":{"line":202,"column":57}}],"line":202},"16":{"loc":{"start":{"line":211,"column":11},"end":{"line":211,"column":null}},"type":"binary-expr","locations":[{"start":{"line":211,"column":11},"end":{"line":211,"column":30}},{"start":{"line":211,"column":30},"end":{"line":211,"column":null}}],"line":211},"17":{"loc":{"start":{"line":221,"column":11},"end":{"line":221,"column":null}},"type":"binary-expr","locations":[{"start":{"line":221,"column":11},"end":{"line":221,"column":42}},{"start":{"line":221,"column":42},"end":{"line":221,"column":null}}],"line":221},"18":{"loc":{"start":{"line":231,"column":4},"end":{"line":239,"column":null}},"type":"if","locations":[{"start":{"line":231,"column":4},"end":{"line":239,"column":null}},{"start":{},"end":{}}],"line":231},"19":{"loc":{"start":{"line":246,"column":4},"end":{"line":246,"column":null}},"type":"if","locations":[{"start":{"line":246,"column":4},"end":{"line":246,"column":null}},{"start":{},"end":{}}],"line":246},"20":{"loc":{"start":{"line":247,"column":4},"end":{"line":257,"column":null}},"type":"if","locations":[{"start":{"line":247,"column":4},"end":{"line":257,"column":null}},{"start":{},"end":{}}],"line":247}},"s":{"0":1,"1":1,"2":1,"3":1,"4":12,"5":12,"6":24,"7":24,"8":9,"9":9,"10":2,"11":2,"12":2,"13":2,"14":1,"15":2,"16":1,"17":1,"18":1,"19":1,"20":1,"21":1,"22":1,"23":1,"24":1,"25":1,"26":1,"27":1,"28":1,"29":1,"30":0,"31":0,"32":0,"33":0,"34":0,"35":1,"36":1,"37":4,"38":1,"39":1,"40":0,"41":1,"42":0,"43":1,"44":1,"45":1,"46":1,"47":1,"48":3,"49":3,"50":3,"51":10,"52":1,"53":1,"54":0,"55":1,"56":1,"57":1,"58":1,"59":1,"60":1,"61":1,"62":1,"63":1,"64":1,"65":4,"66":1,"67":1,"68":1,"69":1,"70":1,"71":0,"72":0,"73":0,"74":0,"75":2,"76":2,"77":0,"78":0,"79":0,"80":0,"81":0,"82":0,"83":3,"84":3,"85":9,"86":3,"87":1,"88":2,"89":1,"90":1,"91":1},"f":{"0":24,"1":24,"2":9,"3":2,"4":1,"5":1,"6":1,"7":1,"8":1,"9":0,"10":0,"11":1,"12":4,"13":3,"14":10,"15":1,"16":1,"17":1,"18":4,"19":1,"20":0,"21":0,"22":2,"23":0,"24":0,"25":3,"26":9},"b":{"0":[2,1],"1":[1,0],"2":[1,0],"3":[1,0],"4":[0,1],"5":[0,1],"6":[1,0],"7":[1,0],"8":[3,0],"9":[0,1],"10":[1,0],"11":[1,0],"12":[1,1],"13":[1,0],"14":[1,0],"15":[1,1],"16":[0,0],"17":[2,0],"18":[0,0],"19":[1,2],"20":[1,1]},"meta":{"lastBranch":21,"lastFunction":27,"lastStatement":92,"seen":{"s:8:47:46:Infinity":0,"s:48:52:52:Infinity":1,"s:54:25:67:Infinity":2,"s:69:70:87:Infinity":3,"s:93:39:93:Infinity":4,"s:94:18:94:Infinity":5,"f:96:16:96:47":0,"s:97:4:97:Infinity":6,"f:97:23:97:24":1,"s:97:36:97:67":7,"f:100:8:100:51":2,"s:101:4:101:Infinity":8,"s:102:4:105:Infinity":9,"f:108:8:108:23":3,"s:117:4:117:Infinity":10,"s:118:39:128:Infinity":11,"b:121:18:121:40:121:40:121:Infinity":0,"s:129:4:129:Infinity":12,"s:130:4:130:Infinity":13,"f:130:49:130:50":4,"s:130:56:130:66":14,"s:131:4:131:Infinity":15,"f:134:8:134:22":5,"s:135:4:135:Infinity":16,"s:136:21:136:Infinity":17,"f:136:41:136:42":6,"s:136:48:136:63":18,"b:137:4:140:Infinity:undefined:undefined:undefined:undefined":1,"s:137:4:140:Infinity":19,"s:138:6:138:Infinity":20,"s:139:6:139:Infinity":21,"s:141:4:141:Infinity":22,"f:144:8:144:21":7,"s:145:4:145:Infinity":23,"s:146:21:146:Infinity":24,"f:146:41:146:42":8,"s:146:48:146:63":25,"b:147:4:150:Infinity:undefined:undefined:undefined:undefined":2,"s:147:4:150:Infinity":26,"s:148:6:148:Infinity":27,"s:149:6:149:Infinity":28,"s:151:4:151:Infinity":29,"f:154:8:154:23":9,"s:155:4:155:Infinity":30,"s:156:4:156:Infinity":31,"f:156:43:156:44":10,"s:156:50:156:65":32,"s:157:4:157:Infinity":33,"s:158:4:158:Infinity":34,"f:161:8:161:Infinity":11,"s:165:4:165:Infinity":35,"s:166:21:166:Infinity":36,"f:166:41:166:42":12,"s:166:48:166:63":37,"b:167:4:172:Infinity:undefined:undefined:undefined:undefined":3,"s:167:4:172:Infinity":38,"b:168:6:168:Infinity:undefined:undefined:undefined:undefined":4,"s:168:6:168:Infinity":39,"s:168:38:168:Infinity":40,"b:169:6:169:Infinity:undefined:undefined:undefined:undefined":5,"s:169:6:169:Infinity":41,"s:169:47:169:Infinity":42,"b:170:6:170:Infinity:undefined:undefined:undefined:undefined":6,"s:170:6:170:Infinity":43,"s:170:49:170:Infinity":44,"b:171:6:171:Infinity:undefined:undefined:undefined:undefined":7,"s:171:6:171:Infinity":45,"s:171:46:171:Infinity":46,"s:173:4:173:Infinity":47,"f:176:8:176:17":13,"s:177:4:177:Infinity":48,"s:178:18:178:Infinity":49,"b:178:18:178:38:178:38:178:Infinity":8,"s:179:4:179:Infinity":50,"f:179:30:179:31":14,"s:179:45:179:58":51,"f:182:8:182:16":15,"s:183:4:183:Infinity":52,"b:184:4:186:Infinity:undefined:undefined:undefined:undefined":9,"s:184:4:186:Infinity":53,"s:185:6:185:Infinity":54,"b:187:4:193:Infinity:undefined:undefined:undefined:undefined":10,"s:187:4:193:Infinity":55,"s:188:6:188:Infinity":56,"s:189:23:189:Infinity":57,"f:189:43:189:44":16,"s:189:50:189:65":58,"b:190:6:192:Infinity:undefined:undefined:undefined:undefined":11,"s:190:6:192:Infinity":59,"b:190:10:190:22:190:22:190:57":12,"s:191:8:191:Infinity":60,"s:194:4:194:Infinity":61,"f:197:8:197:19":17,"s:198:4:198:Infinity":62,"b:199:4:205:Infinity:undefined:undefined:undefined:undefined":13,"s:199:4:205:Infinity":63,"s:200:6:200:Infinity":64,"f:200:49:200:50":18,"s:200:56:200:70":65,"s:201:23:201:Infinity":66,"f:201:43:201:44":19,"s:201:50:201:65":67,"b:202:6:204:Infinity:undefined:undefined:undefined:undefined":14,"s:202:6:204:Infinity":68,"b:202:10:202:22:202:22:202:57":15,"s:203:8:203:Infinity":69,"s:206:4:206:Infinity":70,"f:209:8:209:16":20,"s:210:4:210:Infinity":71,"s:211:4:211:Infinity":72,"b:211:11:211:30:211:30:211:Infinity":16,"f:214:8:214:49":21,"s:215:4:215:Infinity":73,"s:216:4:216:Infinity":74,"f:219:8:219:27":22,"s:220:4:220:Infinity":75,"s:221:4:221:Infinity":76,"b:221:11:221:42:221:42:221:Infinity":17,"f:224:8:224:74":23,"s:225:4:225:Infinity":77,"s:226:4:226:Infinity":78,"f:229:8:229:31":24,"s:230:4:230:Infinity":79,"b:231:4:239:Infinity:undefined:undefined:undefined:undefined":18,"s:231:4:239:Infinity":80,"s:232:6:238:Infinity":81,"s:240:4:240:Infinity":82,"f:243:8:243:23":25,"s:244:4:244:Infinity":83,"s:245:21:245:Infinity":84,"f:245:41:245:42":26,"s:245:48:245:63":85,"b:246:4:246:Infinity:undefined:undefined:undefined:undefined":19,"s:246:4:246:Infinity":86,"s:246:19:246:Infinity":87,"b:247:4:257:Infinity:undefined:undefined:undefined:undefined":20,"s:247:4:257:Infinity":88,"s:248:6:248:Infinity":89,"s:258:4:264:Infinity":90,"s:268:29:268:Infinity":91}}}
,"/Users/rbnkv/Projects/HA_SQUID_PROXY/squid_proxy_manager/frontend/src/app/ingress.ts": {"path":"/Users/rbnkv/Projects/HA_SQUID_PROXY/squid_proxy_manager/frontend/src/app/ingress.ts","statementMap":{"0":{"start":{"line":2,"column":23},"end":{"line":2,"column":null}},"1":{"start":{"line":3,"column":2},"end":{"line":5,"column":null}},"2":{"start":{"line":4,"column":4},"end":{"line":4,"column":null}},"3":{"start":{"line":7,"column":17},"end":{"line":7,"column":null}},"4":{"start":{"line":8,"column":14},"end":{"line":8,"column":null}},"5":{"start":{"line":9,"column":2},"end":{"line":11,"column":null}},"6":{"start":{"line":10,"column":4},"end":{"line":10,"column":null}},"7":{"start":{"line":13,"column":16},"end":{"line":13,"column":null}},"8":{"start":{"line":14,"column":16},"end":{"line":14,"column":null}},"9":{"start":{"line":15,"column":2},"end":{"line":17,"column":null}},"10":{"start":{"line":16,"column":4},"end":{"line":16,"column":null}},"11":{"start":{"line":19,"column":2},"end":{"line":19,"column":null}},"12":{"start":{"line":23,"column":15},"end":{"line":23,"column":null}},"13":{"start":{"line":24,"column":2},"end":{"line":26,"column":null}},"14":{"start":{"line":25,"column":4},"end":{"line":25,"column":null}},"15":{"start":{"line":27,"column":2},"end":{"line":27,"column":null}}},"fnMap":{"0":{"name":"getIngressBasename","decl":{"start":{"line":1,"column":16},"end":{"line":1,"column":35}},"loc":{"start":{"line":1,"column":88},"end":{"line":20,"column":null}},"line":1},"1":{"name":"getApiBasePath","decl":{"start":{"line":22,"column":16},"end":{"line":22,"column":31}},"loc":{"start":{"line":22,"column":84},"end":{"line":28,"column":null}},"line":22}},"branchMap":{"0":{"loc":{"start":{"line":1,"column":35},"end":{"line":1,"column":88}},"type":"default-arg","locations":[{"start":{"line":1,"column":54},"end":{"line":1,"column":88}}],"line":1},"1":{"loc":{"start":{"line":3,"column":2},"end":{"line":5,"column":null}},"type":"if","locations":[{"start":{"line":3,"column":2},"end":{"line":5,"column":null}},{"start":{},"end":{}}],"line":3},"2":{"loc":{"start":{"line":4,"column":11},"end":{"line":4,"column":null}},"type":"binary-expr","locations":[{"start":{"line":4,"column":11},"end":{"line":4,"column":47}},{"start":{"line":4,"column":47},"end":{"line":4,"column":null}}],"line":4},"3":{"loc":{"start":{"line":9,"column":2},"end":{"line":11,"column":null}},"type":"if","locations":[{"start":{"line":9,"column":2},"end":{"line":11,"column":null}},{"start":{},"end":{}}],"line":9},"4":{"loc":{"start":{"line":15,"column":2},"end":{"line":17,"column":null}},"type":"if","locations":[{"start":{"line":15,"column":2},"end":{"line":17,"column":null}},{"start":{},"end":{}}],"line":15},"5":{"loc":{"start":{"line":22,"column":31},"end":{"line":22,"column":84}},"type":"default-arg","locations":[{"start":{"line":22,"column":50},"end":{"line":22,"column":84}}],"line":22},"6":{"loc":{"start":{"line":24,"column":2},"end":{"line":26,"column":null}},"type":"if","locations":[{"start":{"line":24,"column":2},"end":{"line":26,"column":null}},{"start":{},"end":{}}],"line":24}},"s":{"0":10,"1":10,"2":0,"3":10,"4":10,"5":10,"6":0,"7":10,"8":10,"9":10,"10":0,"11":10,"12":9,"13":9,"14":0,"15":9},"f":{"0":10,"1":9},"b":{"0":[10],"1":[0,10],"2":[0,0],"3":[0,10],"4":[0,10],"5":[9],"6":[0,9]},"meta":{"lastBranch":7,"lastFunction":2,"lastStatement":16,"seen":{"f:1:16:1:35":0,"b:1:54:1:88":0,"s:2:23:2:Infinity":0,"b:3:2:5:Infinity:undefined:undefined:undefined:undefined":1,"s:3:2:5:Infinity":1,"s:4:4:4:Infinity":2,"b:4:11:4:47:4:47:4:Infinity":2,"s:7:17:7:Infinity":3,"s:8:14:8:Infinity":4,"b:9:2:11:Infinity:undefined:undefined:undefined:undefined":3,"s:9:2:11:Infinity":5,"s:10:4:10:Infinity":6,"s:13:16:13:Infinity":7,"s:14:16:14:Infinity":8,"b:15:2:17:Infinity:undefined:undefined:undefined:undefined":4,"s:15:2:17:Infinity":9,"s:16:4:16:Infinity":10,"s:19:2:19:Infinity":11,"f:22:16:22:31":1,"b:22:50:22:84":5,"s:23:15:23:Infinity":12,"b:24:2:26:Infinity:undefined:undefined:undefined:undefined":6,"s:24:2:26:Infinity":13,"s:25:4:25:Infinity":14,"s:27:2:27:Infinity":15}}}
,"/Users/rbnkv/Projects/HA_SQUID_PROXY/squid_proxy_manager/frontend/src/features/instances/validation.ts": {"path":"/Users/rbnkv/Projects/HA_SQUID_PROXY/squid_proxy_manager/frontend/src/features/instances/validation.ts","statementMap":{"0":{"start":{"line":3,"column":22},"end":{"line":3,"column":null}},"1":{"start":{"line":5,"column":36},"end":{"line":29,"column":null}},"2":{"start":{"line":15,"column":2},"end":{"line":21,"column":null}},"3":{"start":{"line":16,"column":4},"end":{"line":20,"column":null}},"4":{"start":{"line":22,"column":2},"end":{"line":28,"column":null}},"5":{"start":{"line":23,"column":4},"end":{"line":27,"column":null}},"6":{"start":{"line":31,"column":26},"end":{"line":34,"column":null}},"7":{"start":{"line":36,"column":37},"end":{"line":45,"column":null}},"8":{"start":{"line":42,"column":23},"end":{"line":42,"column":92}},"9":{"start":{"line":47,"column":36},"end":{"line":61,"column":null}},"10":{"start":{"line":54,"column":2},"end":{"line":60,"column":null}},"11":{"start":{"line":55,"column":4},"end":{"line":59,"column":null}}},"fnMap":{"0":{"name":"(anonymous_0)","decl":{"start":{"line":14,"column":15},"end":{"line":14,"column":16}},"loc":{"start":{"line":14,"column":30},"end":{"line":29,"column":1}},"line":14},"1":{"name":"(anonymous_1)","decl":{"start":{"line":42,"column":12},"end":{"line":42,"column":13}},"loc":{"start":{"line":42,"column":23},"end":{"line":42,"column":92}},"line":42},"2":{"name":"(anonymous_2)","decl":{"start":{"line":52,"column":15},"end":{"line":52,"column":16}},"loc":{"start":{"line":52,"column":30},"end":{"line":61,"column":1}},"line":52}},"branchMap":{"0":{"loc":{"start":{"line":15,"column":2},"end":{"line":21,"column":null}},"type":"if","locations":[{"start":{"line":15,"column":2},"end":{"line":21,"column":null}},{"start":{},"end":{}}],"line":15},"1":{"loc":{"start":{"line":15,"column":6},"end":{"line":15,"column":65}},"type":"binary-expr","locations":[{"start":{"line":15,"column":6},"end":{"line":15,"column":42}},{"start":{"line":15,"column":42},"end":{"line":15,"column":65}}],"line":15},"2":{"loc":{"start":{"line":22,"column":2},"end":{"line":28,"column":null}},"type":"if","locations":[{"start":{"line":22,"column":2},"end":{"line":28,"column":null}},{"start":{},"end":{}}],"line":22},"3":{"loc":{"start":{"line":22,"column":6},"end":{"line":22,"column":90}},"type":"binary-expr","locations":[{"start":{"line":22,"column":6},"end":{"line":22,"column":30}},{"start":{"line":22,"column":30},"end":{"line":22,"column":90}}],"line":22},"4":{"loc":{"start":{"line":42,"column":23},"end":{"line":42,"column":92}},"type":"binary-expr","locations":[{"start":{"line":42,"column":23},"end":{"line":42,"column":46}},{"start":{"line":42,"column":46},"end":{"line":42,"column":62}},{"start":{"line":42,"column":62},"end":{"line":42,"column":92}}],"line":42},"5":{"loc":{"start":{"line":54,"column":2},"end":{"line":60,"column":null}},"type":"if","locations":[{"start":{"line":54,"column":2},"end":{"line":60,"column":null}},{"start":{},"end":{}}],"line":54},"6":{"loc":{"start":{"line":54,"column":6},"end":{"line":54,"column":90}},"type":"binary-expr","locations":[{"start":{"line":54,"column":6},"end":{"line":54,"column":30}},{"start":{"line":54,"column":30},"end":{"line":54,"column":90}}],"line":54}},"s":{"0":1,"1":1,"2":10,"3":1,"4":10,"5":2,"6":1,"7":1,"8":2,"9":1,"10":0,"11":0},"f":{"0":10,"1":2,"2":0},"b":{"0":[1,9],"1":[10,5],"2":[2,8],"3":[10,4],"4":[2,2,1],"5":[0,0],"6":[0,0]},"meta":{"lastBranch":7,"lastFunction":3,"lastStatement":12,"seen":{"s:3:22:3:Infinity":0,"s:5:36:29:Infinity":1,"f:14:15:14:16":0,"b:15:2:21:Infinity:undefined:undefined:undefined:undefined":0,"s:15:2:21:Infinity":2,"b:15:6:15:42:15:42:15:65":1,"s:16:4:20:Infinity":3,"b:22:2:28:Infinity:undefined:undefined:undefined:undefined":2,"s:22:2:28:Infinity":4,"b:22:6:22:30:22:30:22:90":3,"s:23:4:27:Infinity":5,"s:31:26:34:Infinity":6,"s:36:37:45:Infinity":7,"f:42:12:42:13":1,"s:42:23:42:92":8,"b:42:23:42:46:42:46:42:62:42:62:42:92":4,"s:47:36:61:Infinity":9,"f:52:15:52:16":2,"b:54:2:60:Infinity:undefined:undefined:undefined:undefined":5,"s:54:2:60:Infinity":10,"b:54:6:54:30:54:30:54:90":6,"s:55:4:59:Infinity":11}}}
,"/Users/rbnkv/Projects/HA_SQUID_PROXY/squid_proxy_manager/frontend/src/ui/ha-wrappers/HAButton.tsx": {"path":"/Users/rbnkv/Projects/HA_SQUID_PROXY/squid_proxy_manager/frontend/src/ui/ha-wrappers/HAButton.tsx","statementMap":{"0":{"start":{"line":16,"column":20},"end":{"line":16,"column":null}},"1":{"start":{"line":31,"column":8},"end":{"line":31,"column":null}},"2":{"start":{"line":33,"column":2},"end":{"line":53,"column":null}},"3":{"start":{"line":34,"column":4},"end":{"line":34,"column":null}},"4":{"start":{"line":34,"column":22},"end":{"line":34,"column":null}},"5":{"start":{"line":35,"column":15},"end":{"line":35,"column":null}},"6":{"start":{"line":36,"column":4},"end":{"line":36,"column":null}},"7":{"start":{"line":36,"column":13},"end":{"line":36,"column":null}},"8":{"start":{"line":38,"column":25},"end":{"line":49,"column":null}},"9":{"start":{"line":39,"column":6},"end":{"line":39,"column":null}},"10":{"start":{"line":39,"column":31},"end":{"line":39,"column":null}},"11":{"start":{"line":40,"column":6},"end":{"line":40,"column":null}},"12":{"start":{"line":42,"column":19},"end":{"line":42,"column":null}},"13":{"start":{"line":43,"column":6},"end":{"line":43,"column":null}},"14":{"start":{"line":43,"column":17},"end":{"line":43,"column":null}},"15":{"start":{"line":44,"column":6},"end":{"line":48,"column":null}},"16":{"start":{"line":45,"column":8},"end":{"line":45,"column":null}},"17":{"start":{"line":46,"column":6},"end":{"line":48,"column":null}},"18":{"start":{"line":47,"column":8},"end":{"line":47,"column":null}},"19":{"start":{"line":51,"column":4},"end":{"line":51,"column":null}},"20":{"start":{"line":52,"column":4},"end":{"line":52,"column":null}},"21":{"start":{"line":52,"column":17},"end":{"line":52,"column":null}},"22":{"start":{"line":56,"column":21},"end":{"line":60,"column":null}},"23":{"start":{"line":63,"column":4},"end":{"line":73,"column":null}},"24":{"start":{"line":75,"column":2},"end":{"line":91,"column":null}},"25":{"start":{"line":76,"column":4},"end":{"line":89,"column":null}},"26":{"start":{"line":94,"column":19},"end":{"line":94,"column":null}},"27":{"start":{"line":95,"column":29},"end":{"line":95,"column":null}},"28":{"start":{"line":96,"column":21},"end":{"line":96,"column":null}},"29":{"start":{"line":98,"column":39},"end":{"line":117,"column":null}},"30":{"start":{"line":119,"column":2},"end":{"line":154,"column":null}},"31":{"start":{"line":121,"column":6},"end":{"line":123,"column":null}},"32":{"start":{"line":124,"column":4},"end":{"line":128,"column":null}},"33":{"start":{"line":129,"column":2},"end":{"line":154,"column":null}},"34":{"start":{"line":131,"column":6},"end":{"line":133,"column":null}},"35":{"start":{"line":135,"column":6},"end":{"line":137,"column":null}},"36":{"start":{"line":138,"column":4},"end":{"line":142,"column":null}},"37":{"start":{"line":146,"column":6},"end":{"line":148,"column":null}},"38":{"start":{"line":149,"column":4},"end":{"line":153,"column":null}},"39":{"start":{"line":156,"column":22},"end":{"line":159,"column":null}},"40":{"start":{"line":157,"column":4},"end":{"line":157,"column":null}},"41":{"start":{"line":157,"column":20},"end":{"line":157,"column":null}},"42":{"start":{"line":158,"column":4},"end":{"line":158,"column":null}},"43":{"start":{"line":161,"column":2},"end":{"line":173,"column":null}}},"fnMap":{"0":{"name":"HAButton","decl":{"start":{"line":18,"column":16},"end":{"line":18,"column":25}},"loc":{"start":{"line":30,"column":18},"end":{"line":175,"column":null}},"line":30},"1":{"name":"(anonymous_1)","decl":{"start":{"line":33,"column":12},"end":{"line":33,"column":18}},"loc":{"start":{"line":33,"column":18},"end":{"line":53,"column":5}},"line":33},"2":{"name":"(anonymous_2)","decl":{"start":{"line":38,"column":25},"end":{"line":38,"column":31}},"loc":{"start":{"line":38,"column":31},"end":{"line":49,"column":null}},"line":38},"3":{"name":"(anonymous_3)","decl":{"start":{"line":52,"column":11},"end":{"line":52,"column":17}},"loc":{"start":{"line":52,"column":17},"end":{"line":52,"column":null}},"line":52},"4":{"name":"(anonymous_4)","decl":{"start":{"line":156,"column":22},"end":{"line":156,"column":28}},"loc":{"start":{"line":156,"column":28},"end":{"line":159,"column":null}},"line":156}},"branchMap":{"0":{"loc":{"start":{"line":16,"column":20},"end":{"line":16,"column":null}},"type":"binary-expr","locations":[{"start":{"line":16,"column":20},"end":{"line":16,"column":61}},{"start":{"line":16,"column":61},"end":{"line":16,"column":null}}],"line":16},"1":{"loc":{"start":{"line":26,"column":2},"end":{"line":26,"column":null}},"type":"default-arg","locations":[{"start":{"line":26,"column":9},"end":{"line":26,"column":null}}],"line":26},"2":{"loc":{"start":{"line":34,"column":4},"end":{"line":34,"column":null}},"type":"if","locations":[{"start":{"line":34,"column":4},"end":{"line":34,"column":null}},{"start":{},"end":{}}],"line":34},"3":{"loc":{"start":{"line":36,"column":4},"end":{"line":36,"column":null}},"type":"if","locations":[{"start":{"line":36,"column":4},"end":{"line":36,"column":null}},{"start":{},"end":{}}],"line":36},"4":{"loc":{"start":{"line":39,"column":6},"end":{"line":39,"column":null}},"type":"if","locations":[{"start":{"line":39,"column":6},"end":{"line":39,"column":null}},{"start":{},"end":{}}],"line":39},"5":{"loc":{"start":{"line":39,"column":10},"end":{"line":39,"column":31}},"type":"binary-expr","locations":[{"start":{"line":39,"column":10},"end":{"line":39,"column":22}},{"start":{"line":39,"column":22},"end":{"line":39,"column":31}}],"line":39},"6":{"loc":{"start":{"line":43,"column":6},"end":{"line":43,"column":null}},"type":"if","locations":[{"start":{"line":43,"column":6},"end":{"line":43,"column":null}},{"start":{},"end":{}}],"line":43},"7":{"loc":{"start":{"line":44,"column":6},"end":{"line":48,"column":null}},"type":"if","locations":[{"start":{"line":44,"column":6},"end":{"line":48,"column":null}},{"start":{"line":46,"column":6},"end":{"line":48,"column":null}}],"line":44},"8":{"loc":{"start":{"line":46,"column":6},"end":{"line":48,"column":null}},"type":"if","locations":[{"start":{"line":46,"column":6},"end":{"line":48,"column":null}},{"start":{},"end":{}}],"line":46},"9":{"loc":{"start":{"line":56,"column":21},"end":{"line":60,"column":null}},"type":"cond-expr","locations":[{"start":{"line":57,"column":6},"end":{"line":57,"column":null}},{"start":{"line":58,"column":7},"end":{"line":60,"column":null}}],"line":56},"10":{"loc":{"start":{"line":58,"column":7},"end":{"line":60,"column":null}},"type":"cond-expr","locations":[{"start":{"line":59,"column":8},"end":{"line":59,"column":null}},{"start":{"line":60,"column":8},"end":{"line":60,"column":null}}],"line":58},"11":{"loc":{"start":{"line":58,"column":7},"end":{"line":58,"column":null}},"type":"binary-expr","locations":[{"start":{"line":58,"column":7},"end":{"line":58,"column":17}},{"start":{"line":58,"column":17},"end":{"line":58,"column":null}}],"line":58},"12":{"loc":{"start":{"line":63,"column":4},"end":{"line":73,"column":null}},"type":"cond-expr","locations":[{"start":{"line":64,"column":8},"end":{"line":67,"column":null}},{"start":{"line":68,"column":8},"end":{"line":73,"column":null}}],"line":63},"13":{"loc":{"start":{"line":68,"column":8},"end":{"line":73,"column":null}},"type":"cond-expr","locations":[{"start":{"line":69,"column":10},"end":{"line":72,"column":null}},{"start":{"line":73,"column":10},"end":{"line":73,"column":null}}],"line":68},"14":{"loc":{"start":{"line":75,"column":2},"end":{"line":91,"column":null}},"type":"if","locations":[{"start":{"line":75,"column":2},"end":{"line":91,"column":null}},{"start":{},"end":{}}],"line":75},"15":{"loc":{"start":{"line":80,"column":18},"end":{"line":80,"column":null}},"type":"binary-expr","locations":[{"start":{"line":80,"column":18},"end":{"line":80,"column":30}},{"start":{"line":80,"column":30},"end":{"line":80,"column":null}}],"line":80},"16":{"loc":{"start":{"line":83,"column":23},"end":{"line":83,"column":null}},"type":"binary-expr","locations":[{"start":{"line":83,"column":23},"end":{"line":83,"column":35}},{"start":{"line":83,"column":35},"end":{"line":83,"column":null}}],"line":83},"17":{"loc":{"start":{"line":87,"column":9},"end":{"line":87,"column":null}},"type":"cond-expr","locations":[{"start":{"line":87,"column":19},"end":{"line":87,"column":38}},{"start":{"line":87,"column":38},"end":{"line":87,"column":null}}],"line":87},"18":{"loc":{"start":{"line":94,"column":19},"end":{"line":94,"column":null}},"type":"binary-expr","locations":[{"start":{"line":94,"column":19},"end":{"line":94,"column":30}},{"start":{"line":94,"column":30},"end":{"line":94,"column":55}},{"start":{"line":94,"column":55},"end":{"line":94,"column":null}}],"line":94},"19":{"loc":{"start":{"line":95,"column":29},"end":{"line":95,"column":null}},"type":"binary-expr","locations":[{"start":{"line":95,"column":29},"end":{"line":95,"column":42}},{"start":{"line":95,"column":42},"end":{"line":95,"column":69}},{"start":{"line":95,"column":69},"end":{"line":95,"column":null}}],"line":95},"20":{"loc":{"start":{"line":96,"column":21},"end":{"line":96,"column":null}},"type":"binary-expr","locations":[{"start":{"line":96,"column":21},"end":{"line":96,"column":33}},{"start":{"line":96,"column":33},"end":{"line":96,"column":null}}],"line":96},"21":{"loc":{"start":{"line":103,"column":13},"end":{"line":103,"column":null}},"type":"cond-expr","locations":[{"start":{"line":103,"column":29},"end":{"line":103,"column":42}},{"start":{"line":103,"column":42},"end":{"line":103,"column":null}}],"line":103},"22":{"loc":{"start":{"line":103,"column":42},"end":{"line":103,"column":null}},"type":"cond-expr","locations":[{"start":{"line":103,"column":58},"end":{"line":103,"column":72}},{"start":{"line":103,"column":72},"end":{"line":103,"column":null}}],"line":103},"23":{"loc":{"start":{"line":108,"column":12},"end":{"line":108,"column":null}},"type":"cond-expr","locations":[{"start":{"line":108,"column":25},"end":{"line":108,"column":37}},{"start":{"line":108,"column":37},"end":{"line":108,"column":null}}],"line":108},"24":{"loc":{"start":{"line":109,"column":13},"end":{"line":109,"column":null}},"type":"cond-expr","locations":[{"start":{"line":109,"column":26},"end":{"line":109,"column":33}},{"start":{"line":109,"column":33},"end":{"line":109,"column":null}}],"line":109},"25":{"loc":{"start":{"line":119,"column":2},"end":{"line":154,"column":null}},"type":"if","locations":[{"start":{"line":119,"column":2},"end":{"line":154,"column":null}},{"start":{"line":129,"column":2},"end":{"line":154,"column":null}}],"line":119},"26":{"loc":{"start":{"line":121,"column":6},"end":{"line":123,"column":null}},"type":"cond-expr","locations":[{"start":{"line":121,"column":30},"end":{"line":121,"column":null}},{"start":{"line":122,"column":8},"end":{"line":123,"column":null}}],"line":121},"27":{"loc":{"start":{"line":122,"column":8},"end":{"line":123,"column":null}},"type":"cond-expr","locations":[{"start":{"line":122,"column":31},"end":{"line":122,"column":null}},{"start":{"line":123,"column":8},"end":{"line":123,"column":null}}],"line":122},"28":{"loc":{"start":{"line":129,"column":2},"end":{"line":154,"column":null}},"type":"if","locations":[{"start":{"line":129,"column":2},"end":{"line":154,"column":null}},{"start":{"line":143,"column":9},"end":{"line":154,"column":null}}],"line":129},"29":{"loc":{"start":{"line":131,"column":6},"end":{"line":133,"column":null}},"type":"cond-expr","locations":[{"start":{"line":131,"column":29},"end":{"line":131,"column":null}},{"start":{"line":132,"column":8},"end":{"line":133,"column":null}}],"line":131},"30":{"loc":{"start":{"line":132,"column":8},"end":{"line":133,"column":null}},"type":"cond-expr","locations":[{"start":{"line":132,"column":32},"end":{"line":132,"column":null}},{"start":{"line":133,"column":8},"end":{"line":133,"column":null}}],"line":132},"31":{"loc":{"start":{"line":135,"column":6},"end":{"line":137,"column":null}},"type":"cond-expr","locations":[{"start":{"line":135,"column":29},"end":{"line":135,"column":null}},{"start":{"line":136,"column":8},"end":{"line":137,"column":null}}],"line":135},"32":{"loc":{"start":{"line":136,"column":8},"end":{"line":137,"column":null}},"type":"cond-expr","locations":[{"start":{"line":136,"column":32},"end":{"line":136,"column":null}},{"start":{"line":137,"column":8},"end":{"line":137,"column":null}}],"line":136},"33":{"loc":{"start":{"line":146,"column":6},"end":{"line":148,"column":null}},"type":"cond-expr","locations":[{"start":{"line":146,"column":29},"end":{"line":146,"column":null}},{"start":{"line":147,"column":8},"end":{"line":148,"column":null}}],"line":146},"34":{"loc":{"start":{"line":147,"column":8},"end":{"line":148,"column":null}},"type":"cond-expr","locations":[{"start":{"line":147,"column":32},"end":{"line":147,"column":null}},{"start":{"line":148,"column":8},"end":{"line":148,"column":null}}],"line":147},"35":{"loc":{"start":{"line":157,"column":4},"end":{"line":157,"column":null}},"type":"if","locations":[{"start":{"line":157,"column":4},"end":{"line":157,"column":null}},{"start":{},"end":{}}],"line":157},"36":{"loc":{"start":{"line":171,"column":7},"end":{"line":171,"column":null}},"type":"cond-expr","locations":[{"start":{"line":171,"column":17},"end":{"line":171,"column":36}},{"start":{"line":171,"column":36},"end":{"line":171,"column":null}}],"line":171}},"s":{"0":1,"1":1,"2":1,"3":1,"4":1,"5":0,"6":0,"7":0,"8":0,"9":0,"10":0,"11":0,"12":0,"13":0,"14":0,"15":0,"16":0,"17":0,"18":0,"19":0,"20":0,"21":0,"22":1,"23":1,"24":1,"25":0,"26":1,"27":1,"28":1,"29":1,"30":1,"31":0,"32":0,"33":1,"34":0,"35":0,"36":0,"37":1,"38":1,"39":1,"40":1,"41":0,"42":1,"43":1},"f":{"0":1,"1":1,"2":0,"3":0,"4":1},"b":{"0":[1,1],"1":[1],"2":[1,0],"3":[0,0],"4":[0,0],"5":[0,0],"6":[0,0],"7":[0,0],"8":[0,0],"9":[0,1],"10":[0,1],"11":[1,1],"12":[0,1],"13":[0,1],"14":[0,1],"15":[0,0],"16":[0,0],"17":[0,0],"18":[1,1,1],"19":[1,1,1],"20":[1,1],"21":[0,1],"22":[0,1],"23":[0,1],"24":[0,1],"25":[0,1],"26":[0,0],"27":[0,0],"28":[0,1],"29":[0,0],"30":[0,0],"31":[0,0],"32":[0,0],"33":[0,1],"34":[0,1],"35":[0,1],"36":[0,1]},"meta":{"lastBranch":37,"lastFunction":5,"lastStatement":44,"seen":{"s:16:20:16:Infinity":0,"b:16:20:16:61:16:61:16:Infinity":0,"f:18:16:18:25":0,"b:26:9:26:Infinity":1,"s:31:8:31:Infinity":1,"s:33:2:53:Infinity":2,"f:33:12:33:18":1,"b:34:4:34:Infinity:undefined:undefined:undefined:undefined":2,"s:34:4:34:Infinity":3,"s:34:22:34:Infinity":4,"s:35:15:35:Infinity":5,"b:36:4:36:Infinity:undefined:undefined:undefined:undefined":3,"s:36:4:36:Infinity":6,"s:36:13:36:Infinity":7,"s:38:25:49:Infinity":8,"f:38:25:38:31":2,"b:39:6:39:Infinity:undefined:undefined:undefined:undefined":4,"s:39:6:39:Infinity":9,"b:39:10:39:22:39:22:39:31":5,"s:39:31:39:Infinity":10,"s:40:6:40:Infinity":11,"s:42:19:42:Infinity":12,"b:43:6:43:Infinity:undefined:undefined:undefined:undefined":6,"s:43:6:43:Infinity":13,"s:43:17:43:Infinity":14,"b:44:6:48:Infinity:46:6:48:Infinity":7,"s:44:6:48:Infinity":15,"s:45:8:45:Infinity":16,"b:46:6:48:Infinity:undefined:undefined:undefined:undefined":8,"s:46:6:48:Infinity":17,"s:47:8:47:Infinity":18,"s:51:4:51:Infinity":19,"s:52:4:52:Infinity":20,"f:52:11:52:17":3,"s:52:17:52:Infinity":21,"s:56:21:60:Infinity":22,"b:57:6:57:Infinity:58:7:60:Infinity":9,"b:59:8:59:Infinity:60:8:60:Infinity":10,"b:58:7:58:17:58:17:58:Infinity":11,"s:63:4:73:Infinity":23,"b:64:8:67:Infinity:68:8:73:Infinity":12,"b:69:10:72:Infinity:73:10:73:Infinity":13,"b:75:2:91:Infinity:undefined:undefined:undefined:undefined":14,"s:75:2:91:Infinity":24,"s:76:4:89:Infinity":25,"b:80:18:80:30:80:30:80:Infinity":15,"b:83:23:83:35:83:35:83:Infinity":16,"b:87:19:87:38:87:38:87:Infinity":17,"s:94:19:94:Infinity":26,"b:94:19:94:30:94:30:94:55:94:55:94:Infinity":18,"s:95:29:95:Infinity":27,"b:95:29:95:42:95:42:95:69:95:69:95:Infinity":19,"s:96:21:96:Infinity":28,"b:96:21:96:33:96:33:96:Infinity":20,"s:98:39:117:Infinity":29,"b:103:29:103:42:103:42:103:Infinity":21,"b:103:58:103:72:103:72:103:Infinity":22,"b:108:25:108:37:108:37:108:Infinity":23,"b:109:26:109:33:109:33:109:Infinity":24,"b:119:2:154:Infinity:129:2:154:Infinity":25,"s:119:2:154:Infinity":30,"s:121:6:123:Infinity":31,"b:121:30:121:Infinity:122:8:123:Infinity":26,"b:122:31:122:Infinity:123:8:123:Infinity":27,"s:124:4:128:Infinity":32,"b:129:2:154:Infinity:143:9:154:Infinity":28,"s:129:2:154:Infinity":33,"s:131:6:133:Infinity":34,"b:131:29:131:Infinity:132:8:133:Infinity":29,"b:132:32:132:Infinity:133:8:133:Infinity":30,"s:135:6:137:Infinity":35,"b:135:29:135:Infinity:136:8:137:Infinity":31,"b:136:32:136:Infinity:137:8:137:Infinity":32,"s:138:4:142:Infinity":36,"s:146:6:148:Infinity":37,"b:146:29:146:Infinity:147:8:148:Infinity":33,"b:147:32:147:Infinity:148:8:148:Infinity":34,"s:149:4:153:Infinity":38,"s:156:22:159:Infinity":39,"f:156:22:156:28":4,"b:157:4:157:Infinity:undefined:undefined:undefined:undefined":35,"s:157:4:157:Infinity":40,"s:157:20:157:Infinity":41,"s:158:4:158:Infinity":42,"s:161:2:173:Infinity":43,"b:171:17:171:36:171:36:171:Infinity":36}}}
,"/Users/rbnkv/Projects/HA_SQUID_PROXY/squid_proxy_manager/frontend/src/ui/ha-wrappers/HACard.tsx": {"path":"/Users/rbnkv/Projects/HA_SQUID_PROXY/squid_proxy_manager/frontend/src/ui/ha-wrappers/HACard.tsx","statementMap":{"0":{"start":{"line":14,"column":18},"end":{"line":14,"column":null}},"1":{"start":{"line":28,"column":25},"end":{"line":28,"column":null}},"2":{"start":{"line":30,"column":2},"end":{"line":49,"column":null}},"3":{"start":{"line":31,"column":4},"end":{"line":47,"column":null}},"4":{"start":{"line":52,"column":35},"end":{"line":57,"column":null}},"5":{"start":{"line":59,"column":2},"end":{"line":85,"column":null}}},"fnMap":{"0":{"name":"HACard","decl":{"start":{"line":16,"column":16},"end":{"line":16,"column":23}},"loc":{"start":{"line":27,"column":16},"end":{"line":87,"column":null}},"line":27}},"branchMap":{"0":{"loc":{"start":{"line":14,"column":18},"end":{"line":14,"column":null}},"type":"binary-expr","locations":[{"start":{"line":14,"column":18},"end":{"line":14,"column":59}},{"start":{"line":14,"column":59},"end":{"line":14,"column":null}}],"line":14},"1":{"loc":{"start":{"line":22,"column":2},"end":{"line":22,"column":null}},"type":"default-arg","locations":[{"start":{"line":22,"column":13},"end":{"line":22,"column":null}}],"line":22},"2":{"loc":{"start":{"line":24,"column":2},"end":{"line":24,"column":null}},"type":"default-arg","locations":[{"start":{"line":24,"column":15},"end":{"line":24,"column":null}}],"line":24},"3":{"loc":{"start":{"line":28,"column":25},"end":{"line":28,"column":null}},"type":"binary-expr","locations":[{"start":{"line":28,"column":25},"end":{"line":28,"column":35}},{"start":{"line":28,"column":35},"end":{"line":28,"column":null}}],"line":28},"4":{"loc":{"start":{"line":30,"column":2},"end":{"line":49,"column":null}},"type":"if","locations":[{"start":{"line":30,"column":2},"end":{"line":49,"column":null}},{"start":{},"end":{}}],"line":30},"5":{"loc":{"start":{"line":40,"column":9},"end":{"line":45,"column":null}},"type":"cond-expr","locations":[{"start":{"line":41,"column":10},"end":{"line":44,"column":null}},{"start":{"line":45,"column":12},"end":{"line":45,"column":null}}],"line":40},"6":{"loc":{"start":{"line":40,"column":9},"end":{"line":40,"column":null}},"type":"binary-expr","locations":[{"start":{"line":40,"column":9},"end":{"line":40,"column":21}},{"start":{"line":40,"column":21},"end":{"line":40,"column":null}}],"line":40},"7":{"loc":{"start":{"line":42,"column":18},"end":{"line":42,"column":54}},"type":"cond-expr","locations":[{"start":{"line":42,"column":29},"end":{"line":42,"column":49}},{"start":{"line":42,"column":49},"end":{"line":42,"column":54}}],"line":42},"8":{"loc":{"start":{"line":55,"column":12},"end":{"line":55,"column":null}},"type":"cond-expr","locations":[{"start":{"line":55,"column":23},"end":{"line":55,"column":82}},{"start":{"line":55,"column":82},"end":{"line":55,"column":null}}],"line":55},"9":{"loc":{"start":{"line":66,"column":7},"end":{"line":77,"column":null}},"type":"cond-expr","locations":[{"start":{"line":67,"column":8},"end":{"line":76,"column":null}},{"start":{"line":77,"column":10},"end":{"line":77,"column":null}}],"line":66},"10":{"loc":{"start":{"line":78,"column":7},"end":{"line":83,"column":null}},"type":"cond-expr","locations":[{"start":{"line":79,"column":8},"end":{"line":82,"column":null}},{"start":{"line":83,"column":10},"end":{"line":83,"column":null}}],"line":78},"11":{"loc":{"start":{"line":78,"column":7},"end":{"line":78,"column":null}},"type":"binary-expr","locations":[{"start":{"line":78,"column":7},"end":{"line":78,"column":19}},{"start":{"line":78,"column":19},"end":{"line":78,"column":null}}],"line":78},"12":{"loc":{"start":{"line":80,"column":16},"end":{"line":80,"column":52}},"type":"cond-expr","locations":[{"start":{"line":80,"column":27},"end":{"line":80,"column":47}},{"start":{"line":80,"column":47},"end":{"line":80,"column":52}}],"line":80}},"s":{"0":1,"1":0,"2":0,"3":0,"4":0,"5":0},"f":{"0":0},"b":{"0":[1,1],"1":[0],"2":[0],"3":[0,0],"4":[0,0],"5":[0,0],"6":[0,0],"7":[0,0],"8":[0,0],"9":[0,0],"10":[0,0],"11":[0,0],"12":[0,0]},"meta":{"lastBranch":13,"lastFunction":1,"lastStatement":6,"seen":{"s:14:18:14:Infinity":0,"b:14:18:14:59:14:59:14:Infinity":0,"f:16:16:16:23":0,"b:22:13:22:Infinity":1,"b:24:15:24:Infinity":2,"s:28:25:28:Infinity":1,"b:28:25:28:35:28:35:28:Infinity":3,"b:30:2:49:Infinity:undefined:undefined:undefined:undefined":4,"s:30:2:49:Infinity":2,"s:31:4:47:Infinity":3,"b:41:10:44:Infinity:45:12:45:Infinity":5,"b:40:9:40:21:40:21:40:Infinity":6,"b:42:29:42:49:42:49:42:54":7,"s:52:35:57:Infinity":4,"b:55:23:55:82:55:82:55:Infinity":8,"s:59:2:85:Infinity":5,"b:67:8:76:Infinity:77:10:77:Infinity":9,"b:79:8:82:Infinity:83:10:83:Infinity":10,"b:78:7:78:19:78:19:78:Infinity":11,"b:80:27:80:47:80:47:80:52":12}}}
,"/Users/rbnkv/Projects/HA_SQUID_PROXY/squid_proxy_manager/frontend/src/ui/ha-wrappers/HADialog.tsx": {"path":"/Users/rbnkv/Projects/HA_SQUID_PROXY/squid_proxy_manager/frontend/src/ui/ha-wrappers/HADialog.tsx","statementMap":{"0":{"start":{"line":23,"column":2},"end":{"line":32,"column":null}},"1":{"start":{"line":24,"column":4},"end":{"line":24,"column":null}},"2":{"start":{"line":24,"column":17},"end":{"line":24,"column":null}},"3":{"start":{"line":25,"column":22},"end":{"line":29,"column":null}},"4":{"start":{"line":26,"column":6},"end":{"line":28,"column":null}},"5":{"start":{"line":27,"column":8},"end":{"line":27,"column":null}},"6":{"start":{"line":30,"column":4},"end":{"line":30,"column":null}},"7":{"start":{"line":31,"column":4},"end":{"line":31,"column":null}},"8":{"start":{"line":31,"column":17},"end":{"line":31,"column":null}},"9":{"start":{"line":34,"column":2},"end":{"line":34,"column":null}},"10":{"start":{"line":34,"column":15},"end":{"line":34,"column":null}},"11":{"start":{"line":36,"column":2},"end":{"line":91,"column":null}}},"fnMap":{"0":{"name":"HADialog","decl":{"start":{"line":22,"column":16},"end":{"line":22,"column":25}},"loc":{"start":{"line":22,"column":111},"end":{"line":93,"column":null}},"line":22},"1":{"name":"(anonymous_1)","decl":{"start":{"line":23,"column":12},"end":{"line":23,"column":18}},"loc":{"start":{"line":23,"column":18},"end":{"line":32,"column":5}},"line":23},"2":{"name":"(anonymous_2)","decl":{"start":{"line":25,"column":22},"end":{"line":25,"column":23}},"loc":{"start":{"line":25,"column":48},"end":{"line":29,"column":null}},"line":25},"3":{"name":"(anonymous_3)","decl":{"start":{"line":31,"column":11},"end":{"line":31,"column":17}},"loc":{"start":{"line":31,"column":17},"end":{"line":31,"column":null}},"line":31}},"branchMap":{"0":{"loc":{"start":{"line":24,"column":4},"end":{"line":24,"column":null}},"type":"if","locations":[{"start":{"line":24,"column":4},"end":{"line":24,"column":null}},{"start":{},"end":{}}],"line":24},"1":{"loc":{"start":{"line":26,"column":6},"end":{"line":28,"column":null}},"type":"if","locations":[{"start":{"line":26,"column":6},"end":{"line":28,"column":null}},{"start":{},"end":{}}],"line":26},"2":{"loc":{"start":{"line":34,"column":2},"end":{"line":34,"column":null}},"type":"if","locations":[{"start":{"line":34,"column":2},"end":{"line":34,"column":null}},{"start":{},"end":{}}],"line":34},"3":{"loc":{"start":{"line":63,"column":18},"end":{"line":63,"column":null}},"type":"binary-expr","locations":[{"start":{"line":63,"column":18},"end":{"line":63,"column":30}},{"start":{"line":63,"column":30},"end":{"line":63,"column":null}}],"line":63},"4":{"loc":{"start":{"line":81,"column":9},"end":{"line":88,"column":null}},"type":"binary-expr","locations":[{"start":{"line":81,"column":9},"end":{"line":81,"column":null}},{"start":{"line":82,"column":10},"end":{"line":88,"column":null}}],"line":81}},"s":{"0":1,"1":1,"2":0,"3":1,"4":0,"5":0,"6":1,"7":1,"8":1,"9":1,"10":0,"11":1},"f":{"0":1,"1":1,"2":0,"3":1},"b":{"0":[0,1],"1":[0,0],"2":[0,1],"3":[1,1],"4":[1,0]},"meta":{"lastBranch":5,"lastFunction":4,"lastStatement":12,"seen":{"f:22:16:22:25":0,"s:23:2:32:Infinity":0,"f:23:12:23:18":1,"b:24:4:24:Infinity:undefined:undefined:undefined:undefined":0,"s:24:4:24:Infinity":1,"s:24:17:24:Infinity":2,"s:25:22:29:Infinity":3,"f:25:22:25:23":2,"b:26:6:28:Infinity:undefined:undefined:undefined:undefined":1,"s:26:6:28:Infinity":4,"s:27:8:27:Infinity":5,"s:30:4:30:Infinity":6,"s:31:4:31:Infinity":7,"f:31:11:31:17":3,"s:31:17:31:Infinity":8,"b:34:2:34:Infinity:undefined:undefined:undefined:undefined":2,"s:34:2:34:Infinity":9,"s:34:15:34:Infinity":10,"s:36:2:91:Infinity":11,"b:63:18:63:30:63:30:63:Infinity":3,"b:81:9:81:Infinity:82:10:88:Infinity":4}}}
,"/Users/rbnkv/Projects/HA_SQUID_PROXY/squid_proxy_manager/frontend/src/ui/ha-wrappers/HAFab.tsx": {"path":"/Users/rbnkv/Projects/HA_SQUID_PROXY/squid_proxy_manager/frontend/src/ui/ha-wrappers/HAFab.tsx","statementMap":{"0":{"start":{"line":13,"column":2},"end":{"line":36,"column":null}}},"fnMap":{"0":{"name":"HAFab","decl":{"start":{"line":12,"column":16},"end":{"line":12,"column":22}},"loc":{"start":{"line":12,"column":93},"end":{"line":38,"column":null}},"line":12}},"branchMap":{},"s":{"0":0},"f":{"0":0},"b":{},"meta":{"lastBranch":0,"lastFunction":1,"lastStatement":1,"seen":{"f:12:16:12:22":0,"s:13:2:36:Infinity":0}}}
,"/Users/rbnkv/Projects/HA_SQUID_PROXY/squid_proxy_manager/frontend/src/ui/ha-wrappers/HAForm.tsx": {"path":"/Users/rbnkv/Projects/HA_SQUID_PROXY/squid_proxy_manager/frontend/src/ui/ha-wrappers/HAForm.tsx","statementMap":{"0":{"start":{"line":40,"column":8},"end":{"line":43,"column":null}},"1":{"start":{"line":41,"column":10},"end":{"line":41,"column":null}},"2":{"start":{"line":44,"column":8},"end":{"line":44,"column":null}},"3":{"start":{"line":45,"column":8},"end":{"line":52,"column":null}},"4":{"start":{"line":53,"column":23},"end":{"line":53,"column":null}},"5":{"start":{"line":55,"column":2},"end":{"line":75,"column":null}},"6":{"start":{"line":56,"column":4},"end":{"line":56,"column":null}},"7":{"start":{"line":56,"column":20},"end":{"line":56,"column":null}},"8":{"start":{"line":57,"column":17},"end":{"line":57,"column":null}},"9":{"start":{"line":58,"column":4},"end":{"line":58,"column":null}},"10":{"start":{"line":58,"column":34},"end":{"line":58,"column":null}},"11":{"start":{"line":60,"column":15},"end":{"line":60,"column":null}},"12":{"start":{"line":68,"column":4},"end":{"line":68,"column":null}},"13":{"start":{"line":69,"column":4},"end":{"line":69,"column":null}},"14":{"start":{"line":71,"column":4},"end":{"line":74,"column":null}},"15":{"start":{"line":72,"column":6},"end":{"line":72,"column":null}},"16":{"start":{"line":73,"column":6},"end":{"line":73,"column":null}},"17":{"start":{"line":77,"column":2},"end":{"line":99,"column":null}},"18":{"start":{"line":78,"column":4},"end":{"line":78,"column":null}},"19":{"start":{"line":78,"column":40},"end":{"line":78,"column":null}},"20":{"start":{"line":80,"column":15},"end":{"line":80,"column":null}},"21":{"start":{"line":81,"column":4},"end":{"line":91,"column":null}},"22":{"start":{"line":81,"column":38},"end":{"line":91,"column":6}},"23":{"start":{"line":92,"column":4},"end":{"line":92,"column":null}},"24":{"start":{"line":93,"column":4},"end":{"line":93,"column":null}},"25":{"start":{"line":94,"column":4},"end":{"line":94,"column":null}},"26":{"start":{"line":94,"column":32},"end":{"line":94,"column":null}},"27":{"start":{"line":94,"column":55},"end":{"line":94,"column":79}},"28":{"start":{"line":95,"column":4},"end":{"line":95,"column":null}},"29":{"start":{"line":95,"column":33},"end":{"line":95,"column":null}},"30":{"start":{"line":95,"column":56},"end":{"line":95,"column":80}},"31":{"start":{"line":96,"column":4},"end":{"line":98,"column":null}},"32":{"start":{"line":97,"column":6},"end":{"line":97,"column":null}},"33":{"start":{"line":101,"column":2},"end":{"line":113,"column":null}},"34":{"start":{"line":102,"column":4},"end":{"line":102,"column":null}},"35":{"start":{"line":102,"column":40},"end":{"line":102,"column":null}},"36":{"start":{"line":103,"column":15},"end":{"line":103,"column":null}},"37":{"start":{"line":104,"column":31},"end":{"line":109,"column":null}},"38":{"start":{"line":105,"column":22},"end":{"line":105,"column":null}},"39":{"start":{"line":106,"column":6},"end":{"line":108,"column":null}},"40":{"start":{"line":107,"column":8},"end":{"line":107,"column":null}},"41":{"start":{"line":111,"column":4},"end":{"line":111,"column":null}},"42":{"start":{"line":112,"column":4},"end":{"line":112,"column":null}},"43":{"start":{"line":112,"column":17},"end":{"line":112,"column":null}},"44":{"start":{"line":115,"column":2},"end":{"line":117,"column":null}},"45":{"start":{"line":116,"column":4},"end":{"line":116,"column":null}},"46":{"start":{"line":119,"column":2},"end":{"line":170,"column":null}},"47":{"start":{"line":123,"column":29},"end":{"line":123,"column":null}},"48":{"start":{"line":124,"column":10},"end":{"line":140,"column":null}},"49":{"start":{"line":125,"column":12},"end":{"line":138,"column":null}},"50":{"start":{"line":133,"column":18},"end":{"line":136,"column":null}},"51":{"start":{"line":142,"column":10},"end":{"line":166,"column":null}},"52":{"start":{"line":158,"column":16},"end":{"line":164,"column":null}}},"fnMap":{"0":{"name":"HAForm","decl":{"start":{"line":31,"column":16},"end":{"line":31,"column":23}},"loc":{"start":{"line":39,"column":16},"end":{"line":172,"column":null}},"line":39},"1":{"name":"(anonymous_1)","decl":{"start":{"line":41,"column":4},"end":{"line":41,"column":10}},"loc":{"start":{"line":41,"column":10},"end":{"line":41,"column":null}},"line":41},"2":{"name":"(anonymous_2)","decl":{"start":{"line":55,"column":12},"end":{"line":55,"column":18}},"loc":{"start":{"line":55,"column":18},"end":{"line":75,"column":5}},"line":55},"3":{"name":"(anonymous_3)","decl":{"start":{"line":71,"column":11},"end":{"line":71,"column":17}},"loc":{"start":{"line":71,"column":17},"end":{"line":74,"column":null}},"line":71},"4":{"name":"(anonymous_4)","decl":{"start":{"line":77,"column":12},"end":{"line":77,"column":18}},"loc":{"start":{"line":77,"column":18},"end":{"line":99,"column":5}},"line":77},"5":{"name":"(anonymous_5)","decl":{"start":{"line":81,"column":27},"end":{"line":81,"column":28}},"loc":{"start":{"line":81,"column":38},"end":{"line":91,"column":6}},"line":81},"6":{"name":"(anonymous_6)","decl":{"start":{"line":94,"column":22},"end":{"line":94,"column":23}},"loc":{"start":{"line":94,"column":32},"end":{"line":94,"column":null}},"line":94},"7":{"name":"(anonymous_7)","decl":{"start":{"line":94,"column":44},"end":{"line":94,"column":45}},"loc":{"start":{"line":94,"column":55},"end":{"line":94,"column":79}},"line":94},"8":{"name":"(anonymous_8)","decl":{"start":{"line":95,"column":23},"end":{"line":95,"column":24}},"loc":{"start":{"line":95,"column":33},"end":{"line":95,"column":null}},"line":95},"9":{"name":"(anonymous_9)","decl":{"start":{"line":95,"column":45},"end":{"line":95,"column":46}},"loc":{"start":{"line":95,"column":56},"end":{"line":95,"column":80}},"line":95},"10":{"name":"(anonymous_10)","decl":{"start":{"line":101,"column":12},"end":{"line":101,"column":18}},"loc":{"start":{"line":101,"column":18},"end":{"line":113,"column":5}},"line":101},"11":{"name":"(anonymous_11)","decl":{"start":{"line":104,"column":31},"end":{"line":104,"column":32}},"loc":{"start":{"line":104,"column":49},"end":{"line":109,"column":null}},"line":104},"12":{"name":"(anonymous_12)","decl":{"start":{"line":112,"column":11},"end":{"line":112,"column":17}},"loc":{"start":{"line":112,"column":17},"end":{"line":112,"column":null}},"line":112},"13":{"name":"(anonymous_13)","decl":{"start":{"line":122,"column":20},"end":{"line":122,"column":21}},"loc":{"start":{"line":122,"column":31},"end":{"line":168,"column":9}},"line":122},"14":{"name":"(anonymous_14)","decl":{"start":{"line":132,"column":26},"end":{"line":132,"column":27}},"loc":{"start":{"line":133,"column":18},"end":{"line":136,"column":null}},"line":133},"15":{"name":"(anonymous_15)","decl":{"start":{"line":157,"column":24},"end":{"line":157,"column":25}},"loc":{"start":{"line":158,"column":16},"end":{"line":164,"column":null}},"line":158}},"branchMap":{"0":{"loc":{"start":{"line":41,"column":10},"end":{"line":41,"column":null}},"type":"binary-expr","locations":[{"start":{"line":41,"column":10},"end":{"line":41,"column":51}},{"start":{"line":41,"column":51},"end":{"line":41,"column":null}}],"line":41},"1":{"loc":{"start":{"line":53,"column":23},"end":{"line":53,"column":null}},"type":"binary-expr","locations":[{"start":{"line":53,"column":23},"end":{"line":53,"column":31}},{"start":{"line":53,"column":31},"end":{"line":53,"column":null}}],"line":53},"2":{"loc":{"start":{"line":56,"column":4},"end":{"line":56,"column":null}},"type":"if","locations":[{"start":{"line":56,"column":4},"end":{"line":56,"column":null}},{"start":{},"end":{}}],"line":56},"3":{"loc":{"start":{"line":58,"column":4},"end":{"line":58,"column":null}},"type":"if","locations":[{"start":{"line":58,"column":4},"end":{"line":58,"column":null}},{"start":{},"end":{}}],"line":58},"4":{"loc":{"start":{"line":58,"column":8},"end":{"line":58,"column":34}},"type":"binary-expr","locations":[{"start":{"line":58,"column":8},"end":{"line":58,"column":17}},{"start":{"line":58,"column":17},"end":{"line":58,"column":34}}],"line":58},"5":{"loc":{"start":{"line":78,"column":4},"end":{"line":78,"column":null}},"type":"if","locations":[{"start":{"line":78,"column":4},"end":{"line":78,"column":null}},{"start":{},"end":{}}],"line":78},"6":{"loc":{"start":{"line":78,"column":8},"end":{"line":78,"column":40}},"type":"binary-expr","locations":[{"start":{"line":78,"column":8},"end":{"line":78,"column":22}},{"start":{"line":78,"column":22},"end":{"line":78,"column":40}}],"line":78},"7":{"loc":{"start":{"line":84,"column":8},"end":{"line":88,"column":null}},"type":"cond-expr","locations":[{"start":{"line":85,"column":12},"end":{"line":85,"column":null}},{"start":{"line":86,"column":12},"end":{"line":88,"column":null}}],"line":84},"8":{"loc":{"start":{"line":86,"column":12},"end":{"line":88,"column":null}},"type":"cond-expr","locations":[{"start":{"line":87,"column":14},"end":{"line":87,"column":null}},{"start":{"line":88,"column":14},"end":{"line":88,"column":null}}],"line":86},"9":{"loc":{"start":{"line":94,"column":32},"end":{"line":94,"column":null}},"type":"binary-expr","locations":[{"start":{"line":94,"column":32},"end":{"line":94,"column":91}},{"start":{"line":94,"column":91},"end":{"line":94,"column":null}}],"line":94},"10":{"loc":{"start":{"line":96,"column":4},"end":{"line":98,"column":null}},"type":"if","locations":[{"start":{"line":96,"column":4},"end":{"line":98,"column":null}},{"start":{},"end":{}}],"line":96},"11":{"loc":{"start":{"line":102,"column":4},"end":{"line":102,"column":null}},"type":"if","locations":[{"start":{"line":102,"column":4},"end":{"line":102,"column":null}},{"start":{},"end":{}}],"line":102},"12":{"loc":{"start":{"line":102,"column":8},"end":{"line":102,"column":40}},"type":"binary-expr","locations":[{"start":{"line":102,"column":8},"end":{"line":102,"column":22}},{"start":{"line":102,"column":22},"end":{"line":102,"column":40}}],"line":102},"13":{"loc":{"start":{"line":106,"column":6},"end":{"line":108,"column":null}},"type":"if","locations":[{"start":{"line":106,"column":6},"end":{"line":108,"column":null}},{"start":{},"end":{}}],"line":106},"14":{"loc":{"start":{"line":115,"column":2},"end":{"line":117,"column":null}},"type":"if","locations":[{"start":{"line":115,"column":2},"end":{"line":117,"column":null}},{"start":{},"end":{}}],"line":115},"15":{"loc":{"start":{"line":124,"column":10},"end":{"line":140,"column":null}},"type":"if","locations":[{"start":{"line":124,"column":10},"end":{"line":140,"column":null}},{"start":{},"end":{}}],"line":124},"16":{"loc":{"start":{"line":129,"column":26},"end":{"line":129,"column":null}},"type":"binary-expr","locations":[{"start":{"line":129,"column":26},"end":{"line":129,"column":38}},{"start":{"line":129,"column":38},"end":{"line":129,"column":null}}],"line":129},"17":{"loc":{"start":{"line":131,"column":29},"end":{"line":131,"column":null}},"type":"binary-expr","locations":[{"start":{"line":131,"column":29},"end":{"line":131,"column":45}},{"start":{"line":131,"column":45},"end":{"line":131,"column":null}}],"line":131},"18":{"loc":{"start":{"line":146,"column":20},"end":{"line":146,"column":null}},"type":"cond-expr","locations":[{"start":{"line":146,"column":47},"end":{"line":146,"column":58}},{"start":{"line":146,"column":58},"end":{"line":146,"column":null}}],"line":146},"19":{"loc":{"start":{"line":147,"column":28},"end":{"line":147,"column":44}},"type":"binary-expr","locations":[{"start":{"line":147,"column":28},"end":{"line":147,"column":42}},{"start":{"line":147,"column":42},"end":{"line":147,"column":44}}],"line":147},"20":{"loc":{"start":{"line":148,"column":24},"end":{"line":148,"column":null}},"type":"binary-expr","locations":[{"start":{"line":148,"column":24},"end":{"line":148,"column":36}},{"start":{"line":148,"column":36},"end":{"line":148,"column":null}}],"line":148},"21":{"loc":{"start":{"line":155,"column":16},"end":{"line":155,"column":null}},"type":"binary-expr","locations":[{"start":{"line":155,"column":16},"end":{"line":155,"column":32}},{"start":{"line":155,"column":32},"end":{"line":155,"column":null}}],"line":155},"22":{"loc":{"start":{"line":161,"column":20},"end":{"line":163,"column":null}},"type":"cond-expr","locations":[{"start":{"line":162,"column":24},"end":{"line":162,"column":null}},{"start":{"line":163,"column":24},"end":{"line":163,"column":null}}],"line":161},"23":{"loc":{"start":{"line":162,"column":24},"end":{"line":162,"column":null}},"type":"binary-expr","locations":[{"start":{"line":162,"column":24},"end":{"line":162,"column":74}},{"start":{"line":162,"column":74},"end":{"line":162,"column":null}}],"line":162},"24":{"loc":{"start":{"line":162,"column":40},"end":{"line":162,"column":67}},"type":"binary-expr","locations":[{"start":{"line":162,"column":40},"end":{"line":162,"column":62}},{"start":{"line":162,"column":62},"end":{"line":162,"column":67}}],"line":162}},"s":{"0":0,"1":0,"2":0,"3":0,"4":0,"5":0,"6":0,"7":0,"8":0,"9":0,"10":0,"11":0,"12":0,"13":0,"14":0,"15":0,"16":0,"17":0,"18":0,"19":0,"20":0,"21":0,"22":0,"23":0,"24":0,"25":0,"26":0,"27":0,"28":0,"29":0,"30":0,"31":0,"32":0,"33":0
[...]
":58,"column":36},"end":{"line":58,"column":null}}],"line":58},"13":{"loc":{"start":{"line":64,"column":15},"end":{"line":64,"column":null}},"type":"cond-expr","locations":[{"start":{"line":64,"column":29},"end":{"line":64,"column":36}},{"start":{"line":64,"column":36},"end":{"line":64,"column":null}}],"line":64},"14":{"loc":{"start":{"line":76,"column":22},"end":{"line":76,"column":null}},"type":"cond-expr","locations":[{"start":{"line":76,"column":40},"end":{"line":76,"column":49}},{"start":{"line":76,"column":49},"end":{"line":76,"column":null}}],"line":76},"15":{"loc":{"start":{"line":78,"column":9},"end":{"line":103,"column":null}},"type":"cond-expr","locations":[{"start":{"line":79,"column":10},"end":{"line":92,"column":null}},{"start":{"line":94,"column":10},"end":{"line":103,"column":null}}],"line":78},"16":{"loc":{"start":{"line":86,"column":19},"end":{"line":87,"column":null}},"type":"binary-expr","locations":[{"start":{"line":86,"column":19},"end":{"line":86,"column":null}},{"start":{"line":87,"column":21},"end":{"line":87,"column":null}}],"line":86}},"s":{"0":1,"1":0,"2":1,"3":0,"4":1,"5":2,"6":2,"7":2,"8":2,"9":2,"10":2,"11":2,"12":1,"13":0,"14":0,"15":1,"16":1,"17":2,"18":2,"19":2,"20":2,"21":0,"22":0,"23":2,"24":1,"25":1,"26":1,"27":1,"28":2,"29":0,"30":1},"f":{"0":1,"1":2,"2":1,"3":2,"4":1,"5":0,"6":1},"b":{"0":[0,1],"1":[0,1],"2":[1,0],"3":[2,2],"4":[0,2],"5":[0,1],"6":[1,0],"7":[1,0],"8":[1,1],"9":[2,0],"10":[2,0],"11":[1,0],"12":[1,0],"13":[1,0],"14":[1,1],"15":[0,2],"16":[0,0]},"meta":{"lastBranch":17,"lastFunction":7,"lastStatement":31,"seen":{"f:13:9:13:19":0,"b:14:2:18:Infinity:16:2:18:Infinity":0,"s:14:2:18:Infinity":0,"s:15:4:15:Infinity":1,"b:16:2:18:Infinity:undefined:undefined:undefined:undefined":1,"s:16:2:18:Infinity":2,"b:16:13:16:20:16:20:16:38":2,"s:17:5:17:Infinity":3,"s:21:13:108:Infinity":4,"f:21:72:21:Infinity":1,"s:25:8:25:Infinity":5,"s:26:8:26:Infinity":6,"s:27:44:27:Infinity":7,"s:28:22:28:Infinity":8,"b:28:22:28:63:28:63:28:Infinity":3,"s:30:23:30:Infinity":9,"s:31:26:31:Infinity":10,"b:31:41:31:60:31:60:31:Infinity":4,"s:33:2:41:Infinity":11,"f:33:12:33:18":2,"b:34:4:37:Infinity:undefined:undefined:undefined:undefined":5,"s:34:4:37:Infinity":12,"b:34:8:34:23:34:23:34:36":6,"s:35:6:35:Infinity":13,"s:36:6:36:Infinity":14,"b:38:4:40:Infinity:undefined:undefined:undefined:undefined":7,"s:38:4:40:Infinity":15,"b:38:8:38:24:38:24:38:45":8,"s:39:6:39:Infinity":16,"s:43:2:48:Infinity":17,"f:43:12:43:18":3,"s:44:15:44:Infinity":18,"b:45:4:45:Infinity:undefined:undefined:undefined:undefined":9,"s:45:4:45:Infinity":19,"b:45:8:45:15:45:15:45:29":10,"s:45:29:45:Infinity":20,"s:46:5:46:Infinity":21,"s:47:5:47:Infinity":22,"s:50:29:69:Infinity":23,"f:50:29:50:30":4,"b:51:4:53:Infinity:undefined:undefined:undefined:undefined":11,"s:51:4:53:Infinity":24,"s:52:6:52:Infinity":25,"s:54:22:67:Infinity":26,"b:58:29:58:36:58:36:58:Infinity":12,"b:64:29:64:36:64:36:64:Infinity":13,"s:68:4:68:Infinity":27,"s:71:2:106:Infinity":28,"b:76:40:76:49:76:49:76:Infinity":14,"b:79:10:92:Infinity:94:10:103:Infinity":15,"f:83:22:83:23":5,"s:84:14:89:Infinity":29,"b:86:19:86:Infinity:87:21:87:Infinity":16,"f:100:22:100:23":6,"s:100:33:100:Infinity":30}}}
,"/Users/rbnkv/Projects/HA_SQUID_PROXY/squid_proxy_manager/frontend/src/ui/ha-wrappers/HATextField.tsx": {"path":"/Users/rbnkv/Projects/HA_SQUID_PROXY/squid_proxy_manager/frontend/src/ui/ha-wrappers/HATextField.tsx","statementMap":{"0":{"start":{"line":16,"column":2},"end":{"line":20,"column":null}},"1":{"start":{"line":17,"column":4},"end":{"line":17,"column":null}},"2":{"start":{"line":18,"column":2},"end":{"line":20,"column":null}},"3":{"start":{"line":19,"column":5},"end":{"line":19,"column":null}},"4":{"start":{"line":23,"column":13},"end":{"line":189,"column":null}},"5":{"start":{"line":45,"column":8},"end":{"line":45,"column":null}},"6":{"start":{"line":46,"column":8},"end":{"line":46,"column":null}},"7":{"start":{"line":47,"column":40},"end":{"line":47,"column":null}},"8":{"start":{"line":48,"column":23},"end":{"line":48,"column":null}},"9":{"start":{"line":49,"column":24},"end":{"line":49,"column":null}},"10":{"start":{"line":50,"column":25},"end":{"line":50,"column":null}},"11":{"start":{"line":52,"column":2},"end":{"line":60,"column":null}},"12":{"start":{"line":53,"column":4},"end":{"line":56,"column":null}},"13":{"start":{"line":54,"column":6},"end":{"line":54,"column":null}},"14":{"start":{"line":55,"column":6},"end":{"line":55,"column":null}},"15":{"start":{"line":57,"column":4},"end":{"line":59,"column":null}},"16":{"start":{"line":58,"column":6},"end":{"line":58,"column":null}},"17":{"start":{"line":62,"column":2},"end":{"line":128,"column":null}},"18":{"start":{"line":63,"column":15},"end":{"line":63,"column":null}},"19":{"start":{"line":64,"column":4},"end":{"line":64,"column":null}},"20":{"start":{"line":64,"column":32},"end":{"line":64,"column":null}},"21":{"start":{"line":66,"column":19},"end":{"line":66,"column":null}},"22":{"start":{"line":80,"column":4},"end":{"line":80,"column":null}},"23":{"start":{"line":81,"column":4},"end":{"line":81,"column":null}},"24":{"start":{"line":82,"column":4},"end":{"line":82,"column":null}},"25":{"start":{"line":83,"column":4},"end":{"line":83,"column":null}},"26":{"start":{"line":84,"column":4},"end":{"line":84,"column":null}},"27":{"start":{"line":85,"column":4},"end":{"line":85,"column":null}},"28":{"start":{"line":86,"column":4},"end":{"line":86,"column":null}},"29":{"start":{"line":87,"column":4},"end":{"line":87,"column":null}},"30":{"start":{"line":88,"column":4},"end":{"line":88,"column":null}},"31":{"start":{"line":88,"column":27},"end":{"line":88,"column":null}},"32":{"start":{"line":89,"column":4},"end":{"line":89,"column":null}},"33":{"start":{"line":89,"column":27},"end":{"line":89,"column":null}},"34":{"start":{"line":90,"column":4},"end":{"line":90,"column":null}},"35":{"start":{"line":90,"column":30},"end":{"line":90,"column":null}},"36":{"start":{"line":92,"column":24},"end":{"line":98,"column":null}},"37":{"start":{"line":93,"column":24},"end":{"line":93,"column":null}},"38":{"start":{"line":94,"column":6},"end":{"line":96,"column":null}},"39":{"start":{"line":95,"column":8},"end":{"line":95,"column":null}},"40":{"start":{"line":97,"column":6},"end":{"line":97,"column":null}},"41":{"start":{"line":100,"column":23},"end":{"line":102,"column":null}},"42":{"start":{"line":101,"column":6},"end":{"line":101,"column":null}},"43":{"start":{"line":104,"column":4},"end":{"line":104,"column":null}},"44":{"start":{"line":105,"column":4},"end":{"line":105,"column":null}},"45":{"start":{"line":106,"column":4},"end":{"line":106,"column":null}},"46":{"start":{"line":107,"column":4},"end":{"line":111,"column":null}},"47":{"start":{"line":108,"column":6},"end":{"line":108,"column":null}},"48":{"start":{"line":109,"column":6},"end":{"line":109,"column":null}},"49":{"start":{"line":110,"column":6},"end":{"line":110,"column":null}},"50":{"start":{"line":130,"column":20},"end":{"line":130,"column":null}},"51":{"start":{"line":131,"column":29},"end":{"line":136,"column":null}},"52":{"start":{"line":132,"column":4},"end":{"line":134,"column":null}},"53":{"start":{"line":133,"column":6},"end":{"line":133,"column":null}},"54":{"start":{"line":135,"column":4},"end":{"line":135,"column":null}},"55":{"start":{"line":138,"column":2},"end":{"line":186,"column":null}},"56":{"start":{"line":171,"column":33},"end":{"line":171,"column":null}}},"fnMap":{"0":{"name":"setRef","decl":{"start":{"line":15,"column":9},"end":{"line":15,"column":19}},"loc":{"start":{"line":15,"column":54},"end":{"line":21,"column":null}},"line":15},"1":{"name":"HATextField2","decl":{"start":{"line":23,"column":78},"end":{"line":23,"column":null}},"loc":{"start":{"line":44,"column":2},"end":{"line":189,"column":1}},"line":44},"2":{"name":"(anonymous_2)","decl":{"start":{"line":52,"column":12},"end":{"line":52,"column":18}},"loc":{"start":{"line":52,"column":18},"end":{"line":60,"column":5}},"line":52},"3":{"name":"(anonymous_3)","decl":{"start":{"line":62,"column":12},"end":{"line":62,"column":18}},"loc":{"start":{"line":62,"column":18},"end":{"line":112,"column":5}},"line":62},"4":{"name":"(anonymous_4)","decl":{"start":{"line":92,"column":24},"end":{"line":92,"column":25}},"loc":{"start":{"line":92,"column":42},"end":{"line":98,"column":null}},"line":92},"5":{"name":"(anonymous_5)","decl":{"start":{"line":100,"column":23},"end":{"line":100,"column":29}},"loc":{"start":{"line":100,"column":29},"end":{"line":102,"column":null}},"line":100},"6":{"name":"(anonymous_6)","decl":{"start":{"line":107,"column":11},"end":{"line":107,"column":17}},"loc":{"start":{"line":107,"column":17},"end":{"line":111,"column":null}},"line":107},"7":{"name":"(anonymous_7)","decl":{"start":{"line":131,"column":29},"end":{"line":131,"column":30}},"loc":{"start":{"line":131,"column":52},"end":{"line":136,"column":null}},"line":131},"8":{"name":"(anonymous_8)","decl":{"start":{"line":171,"column":22},"end":{"line":171,"column":23}},"loc":{"start":{"line":171,"column":33},"end":{"line":171,"column":null}},"line":171}},"branchMap":{"0":{"loc":{"start":{"line":16,"column":2},"end":{"line":20,"column":null}},"type":"if","locations":[{"start":{"line":16,"column":2},"end":{"line":20,"column":null}},{"start":{"line":18,"column":2},"end":{"line":20,"column":null}}],"line":16},"1":{"loc":{"start":{"line":18,"column":2},"end":{"line":20,"column":null}},"type":"if","locations":[{"start":{"line":18,"column":2},"end":{"line":20,"column":null}},{"start":{},"end":{}}],"line":18},"2":{"loc":{"start":{"line":18,"column":13},"end":{"line":18,"column":38}},"type":"binary-expr","locations":[{"start":{"line":18,"column":13},"end":{"line":18,"column":20}},{"start":{"line":18,"column":20},"end":{"line":18,"column":38}}],"line":18},"3":{"loc":{"start":{"line":30,"column":4},"end":{"line":30,"column":null}},"type":"default-arg","locations":[{"start":{"line":30,"column":11},"end":{"line":30,"column":null}}],"line":30},"4":{"loc":{"start":{"line":47,"column":60},"end":{"line":47,"column":78}},"type":"binary-expr","locations":[{"start":{"line":47,"column":60},"end":{"line":47,"column":76}},{"start":{"line":47,"column":76},"end":{"line":47,"column":78}}],"line":47},"5":{"loc":{"start":{"line":49,"column":24},"end":{"line":49,"column":null}},"type":"cond-expr","locations":[{"start":{"line":49,"column":39},"end":{"line":49,"column":61}},{"start":{"line":49,"column":61},"end":{"line":49,"column":null}}],"line":49},"6":{"loc":{"start":{"line":49,"column":46},"end":{"line":49,"column":57}},"type":"binary-expr","locations":[{"start":{"line":49,"column":46},"end":{"line":49,"column":55}},{"start":{"line":49,"column":55},"end":{"line":49,"column":57}}],"line":49},"7":{"loc":{"start":{"line":50,"column":25},"end":{"line":50,"column":null}},"type":"binary-expr","locations":[{"start":{"line":50,"column":25},"end":{"line":50,"column":66}},{"start":{"line":50,"column":66},"end":{"line":50,"column":null}}],"line":50},"8":{"loc":{"start":{"line":53,"column":4},"end":{"line":56,"column":null}},"type":"if","locations":[{"start":{"line":53,"column":4},"end":{"line":56,"column":null}},{"start":{},"end":{}}],"line":53},"9":{"loc":{"start":{"line":53,"column":8},"end":{"line":53,"column":39}},"type":"binary-expr","locations":[{"start":{"line":53,"column":8},"end":{"line":53,"column":26}},{"start":{"line":53,"column":26},"end":{"line":53,"column":39}}],"line":53},"10":{"loc":{"start":{"line":57,"column":4},"end":{"line":59,"column":null}},"type":"if","locations":[{"start":{"line":57,"column":4},"end":{"line":59,"column":null}},{"start":{},"end":{}}],"line":57},"11":{"loc":{"start":{"line":57,"column":8},"end":{"line":57,"column":48}},"type":"binary-expr","locations":[{"start":{"line":57,"column":8},"end":{"line":57,"column":27}},{"start":{"line":57,"column":27},"end":{"line":57,"column":48}}],"line":57},"12":{"loc":{"start":{"line":64,"column":4},"end":{"line":64,"column":null}},"type":"if","locations":[{"start":{"line":64,"column":4},"end":{"line":64,"column":null}},{"start":{},"end":{}}],"line":64},"13":{"loc":{"start":{"line":64,"column":8},"end":{"line":64,"column":32}},"type":"binary-expr","locations":[{"start":{"line":64,"column":8},"end":{"line":64,"column":15}},{"start":{"line":64,"column":15},"end":{"line":64,"column":32}}],"line":64},"14":{"loc":{"start":{"line":88,"column":4},"end":{"line":88,"column":null}},"type":"if","locations":[{"start":{"line":88,"column":4},"end":{"line":88,"column":null}},{"start":{},"end":{}}],"line":88},"15":{"loc":{"start":{"line":89,"column":4},"end":{"line":89,"column":null}},"type":"if","locations":[{"start":{"line":89,"column":4},"end":{"line":89,"column":null}},{"start":{},"end":{}}],"line":89},"16":{"loc":{"start":{"line":90,"column":4},"end":{"line":90,"column":null}},"type":"if","locations":[{"start":{"line":90,"column":4},"end":{"line":90,"column":null}},{"start":{},"end":{}}],"line":90},"17":{"loc":{"start":{"line":93,"column":32},"end":{"line":93,"column":79}},"type":"binary-expr","locations":[{"start":{"line":93,"column":32},"end":{"line":93,"column":77}},{"start":{"line":93,"column":77},"end":{"line":93,"column":79}}],"line":93},"18":{"loc":{"start":{"line":94,"column":6},"end":{"line":96,"column":null}},"type":"if","locations":[{"start":{"line":94,"column":6},"end":{"line":96,"column":null}},{"start":{},"end":{}}],"line":94},"19":{"loc":{"start":{"line":130,"column":20},"end":{"line":130,"column":null}},"type":"binary-expr","locations":[{"start":{"line":130,"column":20},"end":{"line":130,"column":28}},{"start":{"line":130,"column":28},"end":{"line":130,"column":null}}],"line":130},"20":{"loc":{"start":{"line":132,"column":4},"end":{"line":134,"column":null}},"type":"if","locations":[{"start":{"line":132,"column":4},"end":{"line":134,"column":null}},{"start":{},"end":{}}],"line":132},"21":{"loc":{"start":{"line":139,"column":4},"end":{"line":186,"column":null}},"type":"cond-expr","locations":[{"start":{"line":140,"column":6},"end":{"line":155,"column":null}},{"start":{"line":157,"column":6},"end":{"line":186,"column":null}}],"line":139},"22":{"loc":{"start":{"line":185,"column":9},"end":{"line":185,"column":null}},"type":"cond-expr","locations":[{"start":{"line":185,"column":22},"end":{"line":185,"column":126}},{"start":{"line":185,"column":126},"end":{"line":185,"column":null}}],"line":185}},"s":{"0":1,"1":0,"2":1,"3":0,"4":1,"5":2,"6":2,"7":2,"8":2,"9":2,"10":2,"11":2,"12":1,"13":0,"14":0,"15":1,"16":1,"17":2,"18":2,"19":2,"20":2,"21":0,"22":0,"23":0,"24":0,"25":0,"26":0,"27":0,"28":0,"29":0,"30":0,"31":0,"32":0,"33":0,"34":0,"35":0,"36":0,"37":0,"38":0,"39":0,"40":0,"41":0,"42":0,"43":0,"44":0,"45":0,"46":0,"47":0,"48":0,"49":0,"50":2,"51":2,"52":1,"53":1,"54":1,"55":2,"56":1},"f":{"0":1,"1":2,"2":1,"3":2,"4":0,"5":0,"6":0,"7":1,"8":1},"b":{"0":[0,1],"1":[0,1],"2":[1,0],"3":[2],"4":[2,2],"5":[0,2],"6":[0,0],"7":[2,2],"8":[0,1],"9":[1,0],"10":[1,0],"11":[1,1],"12":[2,0],"13":[2,0],"14":[0,0],"15":[0,0],"16":[0,0],"17":[0,0],"18":[0,0],"19":[2,2],"20":[1,0],"21":[0,2],"22":[0,2]},"meta":{"lastBranch":23,"lastFunction":9,"lastStatement":57,"seen":{"f:15:9:15:19":0,"b:16:2:20:Infinity:18:2:20:Infinity":0,"s:16:2:20:Infinity":0,"s:17:4:17:Infinity":1,"b:18:2:20:Infinity:undefined:undefined:undefined:undefined":1,"s:18:2:20:Infinity":2,"b:18:13:18:20:18:20:18:38":2,"s:19:5:19:Infinity":3,"s:23:13:189:Infinity":4,"f:23:78:23:Infinity":1,"b:30:11:30:Infinity":3,"s:45:8:45:Infinity":5,"s:46:8:46:Infinity":6,"s:47:40:47:Infinity":7,"b:47:60:47:76:47:76:47:78":4,"s:48:23:48:Infinity":8,"s:49:24:49:Infinity":9,"b:49:39:49:61:49:61:49:Infinity":5,"b:49:46:49:55:49:55:49:57":6,"s:50:25:50:Infinity":10,"b:50:25:50:66:50:66:50:Infinity":7,"s:52:2:60:Infinity":11,"f:52:12:52:18":2,"b:53:4:56:Infinity:undefined:undefined:undefined:undefined":8,"s:53:4:56:Infinity":12,"b:53:8:53:26:53:26:53:39":9,"s:54:6:54:Infinity":13,"s:55:6:55:Infinity":14,"b:57:4:59:Infinity:undefined:undefined:undefined:undefined":10,"s:57:4:59:Infinity":15,"b:57:8:57:27:57:27:57:48":11,"s:58:6:58:Infinity":16,"s:62:2:128:Infinity":17,"f:62:12:62:18":3,"s:63:15:63:Infinity":18,"b:64:4:64:Infinity:undefined:undefined:undefined:undefined":12,"s:64:4:64:Infinity":19,"b:64:8:64:15:64:15:64:32":13,"s:64:32:64:Infinity":20,"s:66:19:66:Infinity":21,"s:80:4:80:Infinity":22,"s:81:4:81:Infinity":23,"s:82:4:82:Infinity":24,"s:83:4:83:Infinity":25,"s:84:4:84:Infinity":26,"s:85:4:85:Infinity":27,"s:86:4:86:Infinity":28,"s:87:4:87:Infinity":29,"b:88:4:88:Infinity:undefined:undefined:undefined:undefined":14,"s:88:4:88:Infinity":30,"s:88:27:88:Infinity":31,"b:89:4:89:Infinity:undefined:undefined:undefined:undefined":15,"s:89:4:89:Infinity":32,"s:89:27:89:Infinity":33,"b:90:4:90:Infinity:undefined:undefined:undefined:undefined":16,"s:90:4:90:Infinity":34,"s:90:30:90:Infinity":35,"s:92:24:98:Infinity":36,"f:92:24:92:25":4,"s:93:24:93:Infinity":37,"b:93:32:93:77:93:77:93:79":17,"b:94:6:96:Infinity:undefined:undefined:undefined:undefined":18,"s:94:6:96:Infinity":38,"s:95:8:95:Infinity":39,"s:97:6:97:Infinity":40,"s:100:23:102:Infinity":41,"f:100:23:100:29":5,"s:101:6:101:Infinity":42,"s:104:4:104:Infinity":43,"s:105:4:105:Infinity":44,"s:106:4:106:Infinity":45,"s:107:4:111:Infinity":46,"f:107:11:107:17":6,"s:108:6:108:Infinity":47,"s:109:6:109:Infinity":48,"s:110:6:110:Infinity":49,"s:130:20:130:Infinity":50,"b:130:20:130:28:130:28:130:Infinity":19,"s:131:29:136:Infinity":51,"f:131:29:131:30":7,"b:132:4:134:Infinity:undefined:undefined:undefined:undefined":20,"s:132:4:134:Infinity":52,"s:133:6:133:Infinity":53,"s:135:4:135:Infinity":54,"s:138:2:186:Infinity":55,"b:140:6:155:Infinity:157:6:186:Infinity":21,"f:171:22:171:23":8,"s:171:33:171:Infinity":56,"b:185:22:185:126:185:126:185:Infinity":22}}}
,"/Users/rbnkv/Projects/HA_SQUID_PROXY/squid_proxy_manager/frontend/src/ui/ha-wrappers/HATopBar.tsx": {"path":"/Users/rbnkv/Projects/HA_SQUID_PROXY/squid_proxy_manager/frontend/src/ui/ha-wrappers/HATopBar.tsx","statementMap":{"0":{"start":{"line":13,"column":2},"end":{"line":68,"column":null}}},"fnMap":{"0":{"name":"HATopBar","decl":{"start":{"line":12,"column":16},"end":{"line":12,"column":25}},"loc":{"start":{"line":12,"column":78},"end":{"line":70,"column":null}},"line":12}},"branchMap":{"0":{"loc":{"start":{"line":25,"column":7},"end":{"line":30,"column":null}},"type":"binary-expr","locations":[{"start":{"line":25,"column":7},"end":{"line":25,"column":null}},{"start":{"line":26,"column":8},"end":{"line":30,"column":null}}],"line":25},"1":{"loc":{"start":{"line":36,"column":23},"end":{"line":36,"column":null}},"type":"cond-expr","locations":[{"start":{"line":36,"column":32},"end":{"line":36,"column":38}},{"start":{"line":36,"column":38},"end":{"line":36,"column":null}}],"line":36},"2":{"loc":{"start":{"line":54,"column":9},"end":{"line":64,"column":null}},"type":"binary-expr","locations":[{"start":{"line":54,"column":9},"end":{"line":54,"column":null}},{"start":{"line":55,"column":10},"end":{"line":64,"column":null}}],"line":54},"3":{"loc":{"start":{"line":67,"column":7},"end":{"line":67,"column":null}},"type":"binary-expr","locations":[{"start":{"line":67,"column":7},"end":{"line":67,"column":18}},{"start":{"line":67,"column":18},"end":{"line":67,"column":null}}],"line":67}},"s":{"0":0},"f":{"0":0},"b":{"0":[0,0],"1":[0,0],"2":[0,0],"3":[0,0]},"meta":{"lastBranch":4,"lastFunction":1,"lastStatement":1,"seen":{"f:12:16:12:25":0,"s:13:2:68:Infinity":0,"b:25:7:25:Infinity:26:8:30:Infinity":0,"b:36:32:36:38:36:38:36:Infinity":1,"b:54:9:54:Infinity:55:10:64:Infinity":2,"b:67:7:67:18:67:18:67:Infinity":3}}}
,"/Users/rbnkv/Projects/HA_SQUID_PROXY/squid_proxy_manager/frontend/src/ui/ha-wrappers/index.ts": {"path":"/Users/rbnkv/Projects/HA_SQUID_PROXY/squid_proxy_manager/frontend/src/ui/ha-wrappers/index.ts","statementMap":{},"fnMap":{},"branchMap":{},"s":{},"f":{},"b":{},"meta":{"lastBranch":0,"lastFunction":0,"lastStatement":0,"seen":{}}}
}
